::1 - - [26/May/2016:11:33:53 +0800] "GET / HTTP/1.1" 200 1069
::1 - - [26/May/2016:11:33:53 +0800] "GET /test.css HTTP/1.1" 200 1937
::1 - - [26/May/2016:11:33:53 +0800] "GET /jquery-2.2.4.min.js HTTP/1.1" 200 85578
::1 - - [26/May/2016:11:33:53 +0800] "GET /test.js HTTP/1.1" 200 1269
::1 - - [26/May/2016:11:33:53 +0800] "GET /favicon.ico HTTP/1.1" 404 209
::1 - - [26/May/2016:11:33:57 +0800] "GET /person.json HTTP/1.1" 200 828
::1 - - [26/May/2016:14:02:02 +0800] "GET / HTTP/1.1" 304 -
::1 - - [26/May/2016:14:02:02 +0800] "GET /test.css HTTP/1.1" 304 -
::1 - - [26/May/2016:14:02:02 +0800] "GET /jquery-2.2.4.min.js HTTP/1.1" 304 -
::1 - - [26/May/2016:14:02:02 +0800] "GET /test.js HTTP/1.1" 304 -
::1 - - [26/May/2016:14:02:02 +0800] "GET /favicon.ico HTTP/1.1" 404 209
::1 - - [26/May/2016:14:09:05 +0800] "GET / HTTP/1.1" 200 1137
::1 - - [26/May/2016:14:09:05 +0800] "GET /test.css HTTP/1.1" 304 -
::1 - - [26/May/2016:14:09:05 +0800] "GET /jquery-2.2.4.min.js HTTP/1.1" 304 -
::1 - - [26/May/2016:14:09:05 +0800] "GET /angular.js HTTP/1.1" 200 147289
::1 - - [26/May/2016:14:09:05 +0800] "GET /test.js HTTP/1.1" 200 1264
::1 - - [26/May/2016:14:09:06 +0800] "GET / HTTP/1.1" 304 -
::1 - - [26/May/2016:14:09:06 +0800] "GET /test.css HTTP/1.1" 304 -
::1 - - [26/May/2016:14:09:06 +0800] "GET /jquery-2.2.4.min.js HTTP/1.1" 304 -
::1 - - [26/May/2016:14:09:06 +0800] "GET /angular.js HTTP/1.1" 304 -
::1 - - [26/May/2016:14:09:06 +0800] "GET /test.js HTTP/1.1" 304 -
::1 - - [26/May/2016:14:09:09 +0800] "GET /angular.min.js.map HTTP/1.1" 404 216
::1 - - [26/May/2016:14:09:17 +0800] "GET /person.json HTTP/1.1" 304 -
::1 - - [26/May/2016:14:10:25 +0800] "GET / HTTP/1.1" 304 -
::1 - - [26/May/2016:14:10:25 +0800] "GET /test.css HTTP/1.1" 304 -
::1 - - [26/May/2016:14:10:25 +0800] "GET /jquery-2.2.4.min.js HTTP/1.1" 304 -
::1 - - [26/May/2016:14:10:25 +0800] "GET /test.js HTTP/1.1" 200 1319
::1 - - [26/May/2016:14:10:25 +0800] "GET /angular.js HTTP/1.1" 304 -
::1 - - [26/May/2016:14:10:25 +0800] "GET /angular.min.js.map HTTP/1.1" 404 216
::1 - - [26/May/2016:14:11:17 +0800] "GET / HTTP/1.1" 304 -
::1 - - [26/May/2016:14:11:17 +0800] "GET /test.css HTTP/1.1" 304 -
::1 - - [26/May/2016:14:11:17 +0800] "GET /jquery-2.2.4.min.js HTTP/1.1" 304 -
::1 - - [26/May/2016:14:11:17 +0800] "GET /test.js HTTP/1.1" 200 1316
::1 - - [26/May/2016:14:11:17 +0800] "GET /angular.js HTTP/1.1" 304 -
::1 - - [26/May/2016:14:11:17 +0800] "GET /angular.min.js.map HTTP/1.1" 404 216
::1 - - [26/May/2016:14:11:18 +0800] "GET / HTTP/1.1" 304 -
::1 - - [26/May/2016:14:11:18 +0800] "GET /test.css HTTP/1.1" 304 -
::1 - - [26/May/2016:14:11:18 +0800] "GET /jquery-2.2.4.min.js HTTP/1.1" 304 -
::1 - - [26/May/2016:14:11:18 +0800] "GET /angular.js HTTP/1.1" 304 -
::1 - - [26/May/2016:14:11:18 +0800] "GET /test.js HTTP/1.1" 304 -
::1 - - [26/May/2016:14:11:19 +0800] "GET /angular.min.js.map HTTP/1.1" 404 216
::1 - - [26/May/2016:14:11:44 +0800] "GET / HTTP/1.1" 304 -
::1 - - [26/May/2016:14:11:44 +0800] "GET /test.css HTTP/1.1" 304 -
::1 - - [26/May/2016:14:11:44 +0800] "GET /jquery-2.2.4.min.js HTTP/1.1" 304 -
::1 - - [26/May/2016:14:11:44 +0800] "GET /test.js HTTP/1.1" 200 1324
::1 - - [26/May/2016:14:11:44 +0800] "GET /angular.js HTTP/1.1" 304 -
::1 - - [26/May/2016:14:11:45 +0800] "GET /angular.min.js.map HTTP/1.1" 404 216
::1 - - [26/May/2016:14:12:12 +0800] "GET / HTTP/1.1" 304 -
::1 - - [26/May/2016:14:12:12 +0800] "GET /test.css HTTP/1.1" 304 -
::1 - - [26/May/2016:14:12:12 +0800] "GET /jquery-2.2.4.min.js HTTP/1.1" 304 -
::1 - - [26/May/2016:14:12:12 +0800] "GET /test.js HTTP/1.1" 200 1331
::1 - - [26/May/2016:14:12:12 +0800] "GET /angular.js HTTP/1.1" 304 -
::1 - - [26/May/2016:14:12:12 +0800] "GET /angular.min.js.map HTTP/1.1" 404 216
::1 - - [26/May/2016:14:15:26 +0800] "GET / HTTP/1.1" 304 -
::1 - - [26/May/2016:14:15:26 +0800] "GET /test.css HTTP/1.1" 304 -
::1 - - [26/May/2016:14:15:26 +0800] "GET /jquery-2.2.4.min.js HTTP/1.1" 304 -
::1 - - [26/May/2016:14:15:26 +0800] "GET /test.js HTTP/1.1" 200 1521
::1 - - [26/May/2016:14:15:26 +0800] "GET /angular.js HTTP/1.1" 304 -
::1 - - [26/May/2016:14:15:26 +0800] "GET /angular.min.js.map HTTP/1.1" 404 216
::1 - - [26/May/2016:14:16:21 +0800] "GET / HTTP/1.1" 304 -
::1 - - [26/May/2016:14:16:21 +0800] "GET /test.css HTTP/1.1" 304 -
::1 - - [26/May/2016:14:16:21 +0800] "GET /angular.js HTTP/1.1" 304 -
::1 - - [26/May/2016:14:16:21 +0800] "GET /jquery-2.2.4.min.js HTTP/1.1" 304 -
::1 - - [26/May/2016:14:16:21 +0800] "GET /test.js HTTP/1.1" 200 1568
::1 - - [26/May/2016:14:16:21 +0800] "GET /angular.min.js.map HTTP/1.1" 404 216
::1 - - [26/May/2016:14:20:08 +0800] "GET / HTTP/1.1" 200 1127
::1 - - [26/May/2016:14:20:08 +0800] "GET /test.css HTTP/1.1" 200 1150
::1 - - [26/May/2016:14:20:08 +0800] "GET /jquery-2.2.4.min.js HTTP/1.1" 304 -
::1 - - [26/May/2016:14:20:08 +0800] "GET /angular.js HTTP/1.1" 304 -
::1 - - [26/May/2016:14:20:08 +0800] "GET /test.js HTTP/1.1" 200 1222
::1 - - [26/May/2016:14:21:00 +0800] "GET / HTTP/1.1" 304 -
::1 - - [26/May/2016:14:21:00 +0800] "GET /test.css HTTP/1.1" 200 1150
::1 - - [26/May/2016:14:21:00 +0800] "GET /jquery-2.2.4.min.js HTTP/1.1" 304 -
::1 - - [26/May/2016:14:21:00 +0800] "GET /angular.js HTTP/1.1" 304 -
::1 - - [26/May/2016:14:21:00 +0800] "GET /test.js HTTP/1.1" 304 -
::1 - - [26/May/2016:14:21:22 +0800] "GET / HTTP/1.1" 304 -
::1 - - [26/May/2016:14:21:22 +0800] "GET /test.css HTTP/1.1" 200 1150
::1 - - [26/May/2016:14:21:22 +0800] "GET /jquery-2.2.4.min.js HTTP/1.1" 304 -
::1 - - [26/May/2016:14:21:22 +0800] "GET /angular.js HTTP/1.1" 304 -
::1 - - [26/May/2016:14:21:22 +0800] "GET /test.js HTTP/1.1" 304 -
::1 - - [26/May/2016:14:21:33 +0800] "GET / HTTP/1.1" 304 -
::1 - - [26/May/2016:14:21:33 +0800] "GET /test.css HTTP/1.1" 200 1150
::1 - - [26/May/2016:14:21:33 +0800] "GET /jquery-2.2.4.min.js HTTP/1.1" 304 -
::1 - - [26/May/2016:14:21:33 +0800] "GET /angular.js HTTP/1.1" 304 -
::1 - - [26/May/2016:14:21:33 +0800] "GET /test.js HTTP/1.1" 304 -
::1 - - [26/May/2016:14:21:35 +0800] "GET / HTTP/1.1" 304 -
::1 - - [26/May/2016:14:21:35 +0800] "GET /test.css HTTP/1.1" 304 -
::1 - - [26/May/2016:14:21:35 +0800] "GET /jquery-2.2.4.min.js HTTP/1.1" 304 -
::1 - - [26/May/2016:14:21:35 +0800] "GET /angular.js HTTP/1.1" 304 -
::1 - - [26/May/2016:14:21:35 +0800] "GET /test.js HTTP/1.1" 304 -
::1 - - [26/May/2016:14:22:09 +0800] "GET / HTTP/1.1" 304 -
::1 - - [26/May/2016:14:22:09 +0800] "GET /test.css HTTP/1.1" 200 1152
::1 - - [26/May/2016:14:22:09 +0800] "GET /jquery-2.2.4.min.js HTTP/1.1" 304 -
::1 - - [26/May/2016:14:22:09 +0800] "GET /angular.js HTTP/1.1" 304 -
::1 - - [26/May/2016:14:22:09 +0800] "GET /test.js HTTP/1.1" 304 -
::1 - - [26/May/2016:14:22:19 +0800] "GET / HTTP/1.1" 304 -
::1 - - [26/May/2016:14:22:19 +0800] "GET /test.css HTTP/1.1" 200 1152
::1 - - [26/May/2016:14:22:19 +0800] "GET /jquery-2.2.4.min.js HTTP/1.1" 304 -
::1 - - [26/May/2016:14:22:19 +0800] "GET /angular.js HTTP/1.1" 304 -
::1 - - [26/May/2016:14:22:19 +0800] "GET /test.js HTTP/1.1" 304 -
::1 - - [26/May/2016:14:22:45 +0800] "GET / HTTP/1.1" 304 -
::1 - - [26/May/2016:14:22:45 +0800] "GET /test.css HTTP/1.1" 200 1152
::1 - - [26/May/2016:14:22:46 +0800] "GET /jquery-2.2.4.min.js HTTP/1.1" 304 -
::1 - - [26/May/2016:14:22:46 +0800] "GET /angular.js HTTP/1.1" 304 -
::1 - - [26/May/2016:14:22:46 +0800] "GET /test.js HTTP/1.1" 304 -
::1 - - [26/May/2016:14:23:35 +0800] "GET / HTTP/1.1" 304 -
::1 - - [26/May/2016:14:23:35 +0800] "GET /test.css HTTP/1.1" 200 1152
::1 - - [26/May/2016:14:23:35 +0800] "GET /jquery-2.2.4.min.js HTTP/1.1" 304 -
::1 - - [26/May/2016:14:23:35 +0800] "GET /angular.js HTTP/1.1" 304 -
::1 - - [26/May/2016:14:23:35 +0800] "GET /test.js HTTP/1.1" 304 -
::1 - - [26/May/2016:14:24:05 +0800] "GET / HTTP/1.1" 304 -
::1 - - [26/May/2016:14:24:05 +0800] "GET /test.css HTTP/1.1" 200 1171
::1 - - [26/May/2016:14:24:05 +0800] "GET /jquery-2.2.4.min.js HTTP/1.1" 304 -
::1 - - [26/May/2016:14:24:05 +0800] "GET /angular.js HTTP/1.1" 304 -
::1 - - [26/May/2016:14:24:05 +0800] "GET /test.js HTTP/1.1" 304 -
::1 - - [26/May/2016:14:24:14 +0800] "GET / HTTP/1.1" 304 -
::1 - - [26/May/2016:14:24:14 +0800] "GET /test.css HTTP/1.1" 200 1171
::1 - - [26/May/2016:14:24:14 +0800] "GET /jquery-2.2.4.min.js HTTP/1.1" 304 -
::1 - - [26/May/2016:14:24:14 +0800] "GET /test.js HTTP/1.1" 304 -
::1 - - [26/May/2016:14:24:14 +0800] "GET /angular.js HTTP/1.1" 304 -
::1 - - [26/May/2016:14:24:54 +0800] "GET / HTTP/1.1" 304 -
::1 - - [26/May/2016:14:24:54 +0800] "GET /test.css HTTP/1.1" 304 -
::1 - - [26/May/2016:14:24:54 +0800] "GET /jquery-2.2.4.min.js HTTP/1.1" 304 -
::1 - - [26/May/2016:14:24:54 +0800] "GET /angular.js HTTP/1.1" 304 -
::1 - - [26/May/2016:14:24:54 +0800] "GET /test.js HTTP/1.1" 200 1220
::1 - - [26/May/2016:14:26:10 +0800] "GET / HTTP/1.1" 200 1150
::1 - - [26/May/2016:14:26:10 +0800] "GET /test.css HTTP/1.1" 200 1286
::1 - - [26/May/2016:14:26:10 +0800] "GET /jquery-2.2.4.min.js HTTP/1.1" 304 -
::1 - - [26/May/2016:14:26:10 +0800] "GET /angular.js HTTP/1.1" 304 -
::1 - - [26/May/2016:14:26:10 +0800] "GET /test.js HTTP/1.1" 304 -
::1 - - [26/May/2016:14:26:13 +0800] "GET / HTTP/1.1" 304 -
::1 - - [26/May/2016:14:26:13 +0800] "GET /test.css HTTP/1.1" 304 -
::1 - - [26/May/2016:14:26:13 +0800] "GET /jquery-2.2.4.min.js HTTP/1.1" 304 -
::1 - - [26/May/2016:14:26:13 +0800] "GET /angular.js HTTP/1.1" 304 -
::1 - - [26/May/2016:14:26:13 +0800] "GET /test.js HTTP/1.1" 304 -
::1 - - [26/May/2016:14:27:57 +0800] "GET / HTTP/1.1" 200 1146
::1 - - [26/May/2016:14:27:57 +0800] "GET /test.css HTTP/1.1" 200 1282
::1 - - [26/May/2016:14:27:57 +0800] "GET /jquery-2.2.4.min.js HTTP/1.1" 304 -
::1 - - [26/May/2016:14:27:57 +0800] "GET /test.js HTTP/1.1" 304 -
::1 - - [26/May/2016:14:27:57 +0800] "GET /angular.js HTTP/1.1" 304 -
::1 - - [26/May/2016:14:28:15 +0800] "GET / HTTP/1.1" 200 1163
::1 - - [26/May/2016:14:28:15 +0800] "GET /test.css HTTP/1.1" 304 -
::1 - - [26/May/2016:14:28:15 +0800] "GET /jquery-2.2.4.min.js HTTP/1.1" 304 -
::1 - - [26/May/2016:14:28:15 +0800] "GET /angular.js HTTP/1.1" 304 -
::1 - - [26/May/2016:14:28:15 +0800] "GET /test.js HTTP/1.1" 304 -
::1 - - [26/May/2016:14:29:00 +0800] "GET / HTTP/1.1" 200 1164
::1 - - [26/May/2016:14:29:00 +0800] "GET /test.css HTTP/1.1" 200 1371
::1 - - [26/May/2016:14:29:00 +0800] "GET /jquery-2.2.4.min.js HTTP/1.1" 304 -
::1 - - [26/May/2016:14:29:00 +0800] "GET /angular.js HTTP/1.1" 304 -
::1 - - [26/May/2016:14:29:00 +0800] "GET /test.js HTTP/1.1" 304 -
::1 - - [26/May/2016:14:29:24 +0800] "GET / HTTP/1.1" 200 1182
::1 - - [26/May/2016:14:29:24 +0800] "GET /test.css HTTP/1.1" 304 -
::1 - - [26/May/2016:14:29:24 +0800] "GET /jquery-2.2.4.min.js HTTP/1.1" 304 -
::1 - - [26/May/2016:14:29:24 +0800] "GET /test.js HTTP/1.1" 304 -
::1 - - [26/May/2016:14:29:24 +0800] "GET /angular.js HTTP/1.1" 304 -
::1 - - [26/May/2016:14:29:57 +0800] "GET / HTTP/1.1" 200 1154
::1 - - [26/May/2016:14:29:57 +0800] "GET /test.css HTTP/1.1" 304 -
::1 - - [26/May/2016:14:29:57 +0800] "GET /jquery-2.2.4.min.js HTTP/1.1" 304 -
::1 - - [26/May/2016:14:29:57 +0800] "GET /angular.js HTTP/1.1" 304 -
::1 - - [26/May/2016:14:29:57 +0800] "GET /test.js HTTP/1.1" 304 -
::1 - - [26/May/2016:14:30:24 +0800] "GET / HTTP/1.1" 200 1182
::1 - - [26/May/2016:14:30:24 +0800] "GET /test.css HTTP/1.1" 200 1322
::1 - - [26/May/2016:14:30:24 +0800] "GET /jquery-2.2.4.min.js HTTP/1.1" 304 -
::1 - - [26/May/2016:14:30:24 +0800] "GET /angular.js HTTP/1.1" 304 -
::1 - - [26/May/2016:14:30:24 +0800] "GET /test.js HTTP/1.1" 304 -
::1 - - [26/May/2016:14:31:01 +0800] "GET / HTTP/1.1" 304 -
::1 - - [26/May/2016:14:31:01 +0800] "GET /test.css HTTP/1.1" 200 1343
::1 - - [26/May/2016:14:31:01 +0800] "GET /jquery-2.2.4.min.js HTTP/1.1" 304 -
::1 - - [26/May/2016:14:31:01 +0800] "GET /test.js HTTP/1.1" 304 -
::1 - - [26/May/2016:14:31:01 +0800] "GET /angular.js HTTP/1.1" 304 -
::1 - - [26/May/2016:14:31:08 +0800] "GET / HTTP/1.1" 304 -
::1 - - [26/May/2016:14:31:08 +0800] "GET /test.css HTTP/1.1" 200 1343
::1 - - [26/May/2016:14:31:08 +0800] "GET /jquery-2.2.4.min.js HTTP/1.1" 304 -
::1 - - [26/May/2016:14:31:08 +0800] "GET /angular.js HTTP/1.1" 304 -
::1 - - [26/May/2016:14:31:08 +0800] "GET /test.js HTTP/1.1" 304 -
::1 - - [26/May/2016:14:31:22 +0800] "GET / HTTP/1.1" 200 1200
::1 - - [26/May/2016:14:31:22 +0800] "GET /test.css HTTP/1.1" 200 1341
::1 - - [26/May/2016:14:31:22 +0800] "GET /angular.js HTTP/1.1" 304 -
::1 - - [26/May/2016:14:31:22 +0800] "GET /test.js HTTP/1.1" 304 -
::1 - - [26/May/2016:14:31:22 +0800] "GET /jquery-2.2.4.min.js HTTP/1.1" 304 -
::1 - - [26/May/2016:14:31:40 +0800] "GET / HTTP/1.1" 200 1200
::1 - - [26/May/2016:14:31:40 +0800] "GET /test.css HTTP/1.1" 304 -
::1 - - [26/May/2016:14:31:40 +0800] "GET /jquery-2.2.4.min.js HTTP/1.1" 304 -
::1 - - [26/May/2016:14:31:40 +0800] "GET /angular.js HTTP/1.1" 304 -
::1 - - [26/May/2016:14:31:40 +0800] "GET /test.js HTTP/1.1" 304 -
::1 - - [26/May/2016:14:32:04 +0800] "GET / HTTP/1.1" 304 -
::1 - - [26/May/2016:14:32:04 +0800] "GET /test.css HTTP/1.1" 200 1341
::1 - - [26/May/2016:14:32:04 +0800] "GET /jquery-2.2.4.min.js HTTP/1.1" 304 -
::1 - - [26/May/2016:14:32:04 +0800] "GET /test.js HTTP/1.1" 304 -
::1 - - [26/May/2016:14:32:04 +0800] "GET /angular.js HTTP/1.1" 304 -
::1 - - [26/May/2016:14:32:04 +0800] "GET / HTTP/1.1" 304 -
::1 - - [26/May/2016:14:32:04 +0800] "GET /test.css HTTP/1.1" 304 -
::1 - - [26/May/2016:14:32:04 +0800] "GET /jquery-2.2.4.min.js HTTP/1.1" 304 -
::1 - - [26/May/2016:14:32:04 +0800] "GET /angular.js HTTP/1.1" 304 -
::1 - - [26/May/2016:14:32:04 +0800] "GET /test.js HTTP/1.1" 304 -
::1 - - [26/May/2016:14:32:27 +0800] "GET / HTTP/1.1" 304 -
::1 - - [26/May/2016:14:32:27 +0800] "GET /test.css HTTP/1.1" 304 -
::1 - - [26/May/2016:14:32:27 +0800] "GET /angular.js HTTP/1.1" 304 -
::1 - - [26/May/2016:14:32:27 +0800] "GET /jquery-2.2.4.min.js HTTP/1.1" 304 -
::1 - - [26/May/2016:14:32:27 +0800] "GET /test.js HTTP/1.1" 304 -
::1 - - [26/May/2016:14:49:26 +0800] "GET / HTTP/1.1" 200 1333
::1 - - [26/May/2016:14:49:26 +0800] "GET /test.css HTTP/1.1" 200 1378
::1 - - [26/May/2016:14:49:26 +0800] "GET /jquery-2.2.4.min.js HTTP/1.1" 304 -
::1 - - [26/May/2016:14:49:26 +0800] "GET /angular.js HTTP/1.1" 304 -
::1 - - [26/May/2016:14:49:26 +0800] "GET /test.js HTTP/1.1" 304 -
::1 - - [26/May/2016:14:49:59 +0800] "GET / HTTP/1.1" 304 -
::1 - - [26/May/2016:14:49:59 +0800] "GET /test.css HTTP/1.1" 200 1402
::1 - - [26/May/2016:14:49:59 +0800] "GET /jquery-2.2.4.min.js HTTP/1.1" 304 -
::1 - - [26/May/2016:14:49:59 +0800] "GET /angular.js HTTP/1.1" 304 -
::1 - - [26/May/2016:14:49:59 +0800] "GET /test.js HTTP/1.1" 304 -
::1 - - [26/May/2016:14:50:15 +0800] "GET / HTTP/1.1" 304 -
::1 - - [26/May/2016:14:50:15 +0800] "GET /test.css HTTP/1.1" 200 1400
::1 - - [26/May/2016:14:50:15 +0800] "GET /jquery-2.2.4.min.js HTTP/1.1" 304 -
::1 - - [26/May/2016:14:50:15 +0800] "GET /angular.js HTTP/1.1" 304 -
::1 - - [26/May/2016:14:50:15 +0800] "GET /test.js HTTP/1.1" 304 -
::1 - - [26/May/2016:14:50:50 +0800] "GET / HTTP/1.1" 304 -
::1 - - [26/May/2016:14:50:50 +0800] "GET /test.css HTTP/1.1" 200 1423
::1 - - [26/May/2016:14:50:50 +0800] "GET /jquery-2.2.4.min.js HTTP/1.1" 304 -
::1 - - [26/May/2016:14:50:50 +0800] "GET /angular.js HTTP/1.1" 304 -
::1 - - [26/May/2016:14:50:50 +0800] "GET /test.js HTTP/1.1" 304 -
::1 - - [26/May/2016:14:50:51 +0800] "GET / HTTP/1.1" 304 -
::1 - - [26/May/2016:14:50:51 +0800] "GET /test.css HTTP/1.1" 304 -
::1 - - [26/May/2016:14:50:51 +0800] "GET /jquery-2.2.4.min.js HTTP/1.1" 304 -
::1 - - [26/May/2016:14:50:51 +0800] "GET /angular.js HTTP/1.1" 304 -
::1 - - [26/May/2016:14:50:51 +0800] "GET /test.js HTTP/1.1" 304 -
::1 - - [26/May/2016:14:50:52 +0800] "GET / HTTP/1.1" 304 -
::1 - - [26/May/2016:14:50:52 +0800] "GET /test.css HTTP/1.1" 304 -
::1 - - [26/May/2016:14:50:52 +0800] "GET /jquery-2.2.4.min.js HTTP/1.1" 304 -
::1 - - [26/May/2016:14:50:52 +0800] "GET /angular.js HTTP/1.1" 304 -
::1 - - [26/May/2016:14:50:52 +0800] "GET /test.js HTTP/1.1" 304 -
::1 - - [26/May/2016:14:51:08 +0800] "GET / HTTP/1.1" 304 -
::1 - - [26/May/2016:14:51:08 +0800] "GET /test.css HTTP/1.1" 200 1447
::1 - - [26/May/2016:14:51:08 +0800] "GET /jquery-2.2.4.min.js HTTP/1.1" 304 -
::1 - - [26/May/2016:14:51:08 +0800] "GET /angular.js HTTP/1.1" 304 -
::1 - - [26/May/2016:14:51:08 +0800] "GET /test.js HTTP/1.1" 304 -
::1 - - [26/May/2016:14:51:18 +0800] "GET / HTTP/1.1" 304 -
::1 - - [26/May/2016:14:51:18 +0800] "GET /test.css HTTP/1.1" 200 1424
::1 - - [26/May/2016:14:51:18 +0800] "GET /jquery-2.2.4.min.js HTTP/1.1" 304 -
::1 - - [26/May/2016:14:51:18 +0800] "GET /angular.js HTTP/1.1" 304 -
::1 - - [26/May/2016:14:51:18 +0800] "GET /test.js HTTP/1.1" 304 -
::1 - - [26/May/2016:14:51:31 +0800] "GET / HTTP/1.1" 304 -
::1 - - [26/May/2016:14:51:31 +0800] "GET /test.css HTTP/1.1" 200 1424
::1 - - [26/May/2016:14:51:31 +0800] "GET /jquery-2.2.4.min.js HTTP/1.1" 304 -
::1 - - [26/May/2016:14:51:31 +0800] "GET /angular.js HTTP/1.1" 304 -
::1 - - [26/May/2016:14:51:31 +0800] "GET /test.js HTTP/1.1" 304 -
::1 - - [26/May/2016:14:54:36 +0800] "GET / HTTP/1.1" 200 1592
::1 - - [26/May/2016:14:54:36 +0800] "GET /test.css HTTP/1.1" 200 1985
::1 - - [26/May/2016:14:54:36 +0800] "GET /jquery-2.2.4.min.js HTTP/1.1" 304 -
::1 - - [26/May/2016:14:54:36 +0800] "GET /angular.js HTTP/1.1" 304 -
::1 - - [26/May/2016:14:54:36 +0800] "GET /test.js HTTP/1.1" 304 -
::1 - - [26/May/2016:14:57:00 +0800] "GET / HTTP/1.1" 200 1705
::1 - - [26/May/2016:14:57:00 +0800] "GET /test.css HTTP/1.1" 304 -
::1 - - [26/May/2016:14:57:00 +0800] "GET /jquery-2.2.4.min.js HTTP/1.1" 304 -
::1 - - [26/May/2016:14:57:00 +0800] "GET /angular.js HTTP/1.1" 304 -
::1 - - [26/May/2016:14:57:00 +0800] "GET /test.js HTTP/1.1" 304 -
::1 - - [26/May/2016:14:58:27 +0800] "GET / HTTP/1.1" 200 1782
::1 - - [26/May/2016:14:58:27 +0800] "GET /test.css HTTP/1.1" 304 -
::1 - - [26/May/2016:14:58:27 +0800] "GET /jquery-2.2.4.min.js HTTP/1.1" 304 -
::1 - - [26/May/2016:14:58:27 +0800] "GET /button.css HTTP/1.1" 200 82038
::1 - - [26/May/2016:14:58:27 +0800] "GET /angular.js HTTP/1.1" 304 -
::1 - - [26/May/2016:14:58:27 +0800] "GET /test.js HTTP/1.1" 304 -
::1 - - [26/May/2016:14:59:39 +0800] "GET / HTTP/1.1" 200 1790
::1 - - [26/May/2016:14:59:39 +0800] "GET /test.css HTTP/1.1" 304 -
::1 - - [26/May/2016:14:59:39 +0800] "GET /button.css HTTP/1.1" 304 -
::1 - - [26/May/2016:14:59:39 +0800] "GET /jquery-2.2.4.min.js HTTP/1.1" 304 -
::1 - - [26/May/2016:14:59:39 +0800] "GET /angular.js HTTP/1.1" 304 -
::1 - - [26/May/2016:14:59:39 +0800] "GET /test.js HTTP/1.1" 304 -
::1 - - [26/May/2016:15:14:59 +0800] "GET / HTTP/1.1" 200 2421
::1 - - [26/May/2016:15:14:59 +0800] "GET /test.css HTTP/1.1" 304 -
::1 - - [26/May/2016:15:14:59 +0800] "GET /button.css HTTP/1.1" 304 -
::1 - - [26/May/2016:15:14:59 +0800] "GET /bootstrap.css HTTP/1.1" 200 106022
::1 - - [26/May/2016:15:14:59 +0800] "GET /jquery-2.2.4.min.js HTTP/1.1" 304 -
::1 - - [26/May/2016:15:14:59 +0800] "GET /angular.js HTTP/1.1" 304 -
::1 - - [26/May/2016:15:14:59 +0800] "GET /test.js HTTP/1.1" 304 -
::1 - - [26/May/2016:15:19:30 +0800] "GET / HTTP/1.1" 200 2794
::1 - - [26/May/2016:15:19:30 +0800] "GET /test.css HTTP/1.1" 304 -
::1 - - [26/May/2016:15:19:30 +0800] "GET /button.css HTTP/1.1" 304 -
::1 - - [26/May/2016:15:19:30 +0800] "GET /bootstrap.css HTTP/1.1" 304 -
::1 - - [26/May/2016:15:19:30 +0800] "GET /jquery-2.2.4.min.js HTTP/1.1" 304 -
::1 - - [26/May/2016:15:19:30 +0800] "GET /angular.js HTTP/1.1" 304 -
::1 - - [26/May/2016:15:19:30 +0800] "GET /test.js HTTP/1.1" 304 -
::1 - - [26/May/2016:15:20:13 +0800] "GET / HTTP/1.1" 200 2798
::1 - - [26/May/2016:15:20:13 +0800] "GET /test.css HTTP/1.1" 304 -
::1 - - [26/May/2016:15:20:13 +0800] "GET /button.css HTTP/1.1" 304 -
::1 - - [26/May/2016:15:20:13 +0800] "GET /bootstrap.css HTTP/1.1" 304 -
::1 - - [26/May/2016:15:20:13 +0800] "GET /jquery-2.2.4.min.js HTTP/1.1" 304 -
::1 - - [26/May/2016:15:20:13 +0800] "GET /angular.js HTTP/1.1" 304 -
::1 - - [26/May/2016:15:20:13 +0800] "GET /test.js HTTP/1.1" 304 -
::1 - - [26/May/2016:15:20:59 +0800] "GET / HTTP/1.1" 200 2854
::1 - - [26/May/2016:15:20:59 +0800] "GET /test.css HTTP/1.1" 304 -
::1 - - [26/May/2016:15:20:59 +0800] "GET /button.css HTTP/1.1" 304 -
::1 - - [26/May/2016:15:20:59 +0800] "GET /bootstrap.css HTTP/1.1" 304 -
::1 - - [26/May/2016:15:20:59 +0800] "GET /jquery-2.2.4.min.js HTTP/1.1" 304 -
::1 - - [26/May/2016:15:20:59 +0800] "GET /angular.js HTTP/1.1" 304 -
::1 - - [26/May/2016:15:20:59 +0800] "GET /test.js HTTP/1.1" 304 -
::1 - - [26/May/2016:15:22:17 +0800] "GET / HTTP/1.1" 304 -
::1 - - [26/May/2016:15:22:17 +0800] "GET /test.css HTTP/1.1" 200 2012
::1 - - [26/May/2016:15:22:17 +0800] "GET /button.css HTTP/1.1" 304 -
::1 - - [26/May/2016:15:22:17 +0800] "GET /bootstrap.css HTTP/1.1" 304 -
::1 - - [26/May/2016:15:22:17 +0800] "GET /jquery-2.2.4.min.js HTTP/1.1" 304 -
::1 - - [26/May/2016:15:22:17 +0800] "GET /angular.js HTTP/1.1" 304 -
::1 - - [26/May/2016:15:22:17 +0800] "GET /test.js HTTP/1.1" 304 -
::1 - - [26/May/2016:15:23:18 +0800] "GET / HTTP/1.1" 200 2863
::1 - - [26/May/2016:15:23:18 +0800] "GET /test.css HTTP/1.1" 200 2054
::1 - - [26/May/2016:15:23:18 +0800] "GET /button.css HTTP/1.1" 304 -
::1 - - [26/May/2016:15:23:18 +0800] "GET /bootstrap.css HTTP/1.1" 304 -
::1 - - [26/May/2016:15:23:18 +0800] "GET /jquery-2.2.4.min.js HTTP/1.1" 304 -
::1 - - [26/May/2016:15:23:18 +0800] "GET /angular.js HTTP/1.1" 304 -
::1 - - [26/May/2016:15:23:18 +0800] "GET /test.js HTTP/1.1" 304 -
::1 - - [26/May/2016:15:23:19 +0800] "GET / HTTP/1.1" 304 -
::1 - - [26/May/2016:15:23:19 +0800] "GET /test.css HTTP/1.1" 304 -
::1 - - [26/May/2016:15:23:19 +0800] "GET /button.css HTTP/1.1" 304 -
::1 - - [26/May/2016:15:23:19 +0800] "GET /bootstrap.css HTTP/1.1" 304 -
::1 - - [26/May/2016:15:23:19 +0800] "GET /jquery-2.2.4.min.js HTTP/1.1" 304 -
::1 - - [26/May/2016:15:23:19 +0800] "GET /angular.js HTTP/1.1" 304 -
::1 - - [26/May/2016:15:23:19 +0800] "GET /test.js HTTP/1.1" 304 -
::1 - - [26/May/2016:15:23:57 +0800] "GET / HTTP/1.1" 200 2823
::1 - - [26/May/2016:15:23:57 +0800] "GET /test.css HTTP/1.1" 304 -
::1 - - [26/May/2016:15:23:57 +0800] "GET /button.css HTTP/1.1" 304 -
::1 - - [26/May/2016:15:23:57 +0800] "GET /bootstrap.css HTTP/1.1" 304 -
::1 - - [26/May/2016:15:23:57 +0800] "GET /jquery-2.2.4.min.js HTTP/1.1" 304 -
::1 - - [26/May/2016:15:23:57 +0800] "GET /angular.js HTTP/1.1" 304 -
::1 - - [26/May/2016:15:23:57 +0800] "GET /test.js HTTP/1.1" 304 -
::1 - - [26/May/2016:15:24:49 +0800] "GET / HTTP/1.1" 200 2731
::1 - - [26/May/2016:15:24:49 +0800] "GET /test.css HTTP/1.1" 304 -
::1 - - [26/May/2016:15:24:49 +0800] "GET /button.css HTTP/1.1" 304 -
::1 - - [26/May/2016:15:24:49 +0800] "GET /bootstrap.css HTTP/1.1" 304 -
::1 - - [26/May/2016:15:24:49 +0800] "GET /jquery-2.2.4.min.js HTTP/1.1" 304 -
::1 - - [26/May/2016:15:24:49 +0800] "GET /angular.js HTTP/1.1" 304 -
::1 - - [26/May/2016:15:24:49 +0800] "GET /test.js HTTP/1.1" 304 -
::1 - - [26/May/2016:15:25:35 +0800] "GET / HTTP/1.1" 200 2799
::1 - - [26/May/2016:15:25:35 +0800] "GET /test.css HTTP/1.1" 304 -
::1 - - [26/May/2016:15:25:35 +0800] "GET /button.css HTTP/1.1" 304 -
::1 - - [26/May/2016:15:25:35 +0800] "GET /bootstrap.css HTTP/1.1" 304 -
::1 - - [26/May/2016:15:25:35 +0800] "GET /jquery-2.2.4.min.js HTTP/1.1" 304 -
::1 - - [26/May/2016:15:25:35 +0800] "GET /angular.js HTTP/1.1" 304 -
::1 - - [26/May/2016:15:25:35 +0800] "GET /test.js HTTP/1.1" 304 -
::1 - - [26/May/2016:15:25:36 +0800] "GET / HTTP/1.1" 304 -
::1 - - [26/May/2016:15:25:36 +0800] "GET /test.css HTTP/1.1" 304 -
::1 - - [26/May/2016:15:25:36 +0800] "GET /button.css HTTP/1.1" 304 -
::1 - - [26/May/2016:15:25:36 +0800] "GET /bootstrap.css HTTP/1.1" 304 -
::1 - - [26/May/2016:15:25:36 +0800] "GET /jquery-2.2.4.min.js HTTP/1.1" 304 -
::1 - - [26/May/2016:15:25:36 +0800] "GET /angular.js HTTP/1.1" 304 -
::1 - - [26/May/2016:15:25:36 +0800] "GET /test.js HTTP/1.1" 304 -
::1 - - [26/May/2016:15:25:38 +0800] "GET / HTTP/1.1" 304 -
::1 - - [26/May/2016:15:25:38 +0800] "GET /test.css HTTP/1.1" 304 -
::1 - - [26/May/2016:15:25:38 +0800] "GET /button.css HTTP/1.1" 304 -
::1 - - [26/May/2016:15:25:38 +0800] "GET /bootstrap.css HTTP/1.1" 304 -
::1 - - [26/May/2016:15:25:38 +0800] "GET /jquery-2.2.4.min.js HTTP/1.1" 304 -
::1 - - [26/May/2016:15:25:38 +0800] "GET /angular.js HTTP/1.1" 304 -
::1 - - [26/May/2016:15:25:38 +0800] "GET /test.js HTTP/1.1" 304 -
::1 - - [26/May/2016:15:25:42 +0800] "GET / HTTP/1.1" 304 -
::1 - - [26/May/2016:15:25:42 +0800] "GET /test.css HTTP/1.1" 304 -
::1 - - [26/May/2016:15:25:42 +0800] "GET /button.css HTTP/1.1" 304 -
::1 - - [26/May/2016:15:25:42 +0800] "GET /bootstrap.css HTTP/1.1" 304 -
::1 - - [26/May/2016:15:25:42 +0800] "GET /jquery-2.2.4.min.js HTTP/1.1" 304 -
::1 - - [26/May/2016:15:25:42 +0800] "GET /angular.js HTTP/1.1" 304 -
::1 - - [26/May/2016:15:25:42 +0800] "GET /test.js HTTP/1.1" 304 -
::1 - - [26/May/2016:15:26:08 +0800] "GET / HTTP/1.1" 200 3822
::1 - - [26/May/2016:15:26:08 +0800] "GET /test.css HTTP/1.1" 304 -
::1 - - [26/May/2016:15:26:08 +0800] "GET /button.css HTTP/1.1" 304 -
::1 - - [26/May/2016:15:26:08 +0800] "GET /bootstrap.css HTTP/1.1" 304 -
::1 - - [26/May/2016:15:26:08 +0800] "GET /jquery-2.2.4.min.js HTTP/1.1" 304 -
::1 - - [26/May/2016:15:26:08 +0800] "GET /angular.js HTTP/1.1" 304 -
::1 - - [26/May/2016:15:26:08 +0800] "GET /test.js HTTP/1.1" 304 -
::1 - - [26/May/2016:15:26:51 +0800] "GET / HTTP/1.1" 200 3829
::1 - - [26/May/2016:15:26:51 +0800] "GET /test.css HTTP/1.1" 304 -
::1 - - [26/May/2016:15:26:51 +0800] "GET /button.css HTTP/1.1" 304 -
::1 - - [26/May/2016:15:26:51 +0800] "GET /bootstrap.css HTTP/1.1" 304 -
::1 - - [26/May/2016:15:26:51 +0800] "GET /jquery-2.2.4.min.js HTTP/1.1" 304 -
::1 - - [26/May/2016:15:26:51 +0800] "GET /angular.js HTTP/1.1" 304 -
::1 - - [26/May/2016:15:26:51 +0800] "GET /test.js HTTP/1.1" 304 -
::1 - - [26/May/2016:15:27:12 +0800] "GET / HTTP/1.1" 200 3778
::1 - - [26/May/2016:15:27:12 +0800] "GET /test.css HTTP/1.1" 304 -
::1 - - [26/May/2016:15:27:12 +0800] "GET /button.css HTTP/1.1" 304 -
::1 - - [26/May/2016:15:27:12 +0800] "GET /bootstrap.css HTTP/1.1" 304 -
::1 - - [26/May/2016:15:27:12 +0800] "GET /jquery-2.2.4.min.js HTTP/1.1" 304 -
::1 - - [26/May/2016:15:27:12 +0800] "GET /angular.js HTTP/1.1" 304 -
::1 - - [26/May/2016:15:27:12 +0800] "GET /test.js HTTP/1.1" 304 -
::1 - - [26/May/2016:15:27:26 +0800] "GET / HTTP/1.1" 200 3789
::1 - - [26/May/2016:15:27:26 +0800] "GET /test.css HTTP/1.1" 304 -
::1 - - [26/May/2016:15:27:26 +0800] "GET /button.css HTTP/1.1" 304 -
::1 - - [26/May/2016:15:27:26 +0800] "GET /bootstrap.css HTTP/1.1" 304 -
::1 - - [26/May/2016:15:27:26 +0800] "GET /jquery-2.2.4.min.js HTTP/1.1" 304 -
::1 - - [26/May/2016:15:27:26 +0800] "GET /angular.js HTTP/1.1" 304 -
::1 - - [26/May/2016:15:27:26 +0800] "GET /test.js HTTP/1.1" 304 -
::1 - - [26/May/2016:15:27:37 +0800] "GET / HTTP/1.1" 200 3800
::1 - - [26/May/2016:15:27:37 +0800] "GET /test.css HTTP/1.1" 304 -
::1 - - [26/May/2016:15:27:37 +0800] "GET /button.css HTTP/1.1" 304 -
::1 - - [26/May/2016:15:27:37 +0800] "GET /bootstrap.css HTTP/1.1" 304 -
::1 - - [26/May/2016:15:27:37 +0800] "GET /jquery-2.2.4.min.js HTTP/1.1" 304 -
::1 - - [26/May/2016:15:27:37 +0800] "GET /angular.js HTTP/1.1" 304 -
::1 - - [26/May/2016:15:27:37 +0800] "GET /test.js HTTP/1.1" 304 -
::1 - - [26/May/2016:15:27:48 +0800] "GET / HTTP/1.1" 200 3055
::1 - - [26/May/2016:15:27:48 +0800] "GET /test.css HTTP/1.1" 304 -
::1 - - [26/May/2016:15:27:48 +0800] "GET /button.css HTTP/1.1" 304 -
::1 - - [26/May/2016:15:27:48 +0800] "GET /bootstrap.css HTTP/1.1" 304 -
::1 - - [26/May/2016:15:27:48 +0800] "GET /jquery-2.2.4.min.js HTTP/1.1" 304 -
::1 - - [26/May/2016:15:27:48 +0800] "GET /angular.js HTTP/1.1" 304 -
::1 - - [26/May/2016:15:27:48 +0800] "GET /test.js HTTP/1.1" 304 -
::1 - - [26/May/2016:15:28:13 +0800] "GET / HTTP/1.1" 200 3038
::1 - - [26/May/2016:15:28:13 +0800] "GET /test.css HTTP/1.1" 304 -
::1 - - [26/May/2016:15:28:13 +0800] "GET /button.css HTTP/1.1" 304 -
::1 - - [26/May/2016:15:28:13 +0800] "GET /bootstrap.css HTTP/1.1" 304 -
::1 - - [26/May/2016:15:28:13 +0800] "GET /jquery-2.2.4.min.js HTTP/1.1" 304 -
::1 - - [26/May/2016:15:28:13 +0800] "GET /angular.js HTTP/1.1" 304 -
::1 - - [26/May/2016:15:28:13 +0800] "GET /test.js HTTP/1.1" 304 -
::1 - - [26/May/2016:15:28:40 +0800] "GET / HTTP/1.1" 200 3055
::1 - - [26/May/2016:15:28:40 +0800] "GET /test.css HTTP/1.1" 200 2054
::1 - - [26/May/2016:15:28:40 +0800] "GET /button.css HTTP/1.1" 304 -
::1 - - [26/May/2016:15:28:40 +0800] "GET /bootstrap.css HTTP/1.1" 304 -
::1 - - [26/May/2016:15:28:40 +0800] "GET /jquery-2.2.4.min.js HTTP/1.1" 304 -
::1 - - [26/May/2016:15:28:40 +0800] "GET /angular.js HTTP/1.1" 304 -
::1 - - [26/May/2016:15:28:40 +0800] "GET /test.js HTTP/1.1" 304 -
::1 - - [26/May/2016:15:29:00 +0800] "GET / HTTP/1.1" 304 -
::1 - - [26/May/2016:15:29:00 +0800] "GET /test.css HTTP/1.1" 200 2037
::1 - - [26/May/2016:15:29:00 +0800] "GET /button.css HTTP/1.1" 304 -
::1 - - [26/May/2016:15:29:00 +0800] "GET /bootstrap.css HTTP/1.1" 304 -
::1 - - [26/May/2016:15:29:00 +0800] "GET /jquery-2.2.4.min.js HTTP/1.1" 304 -
::1 - - [26/May/2016:15:29:00 +0800] "GET /angular.js HTTP/1.1" 304 -
::1 - - [26/May/2016:15:29:00 +0800] "GET /test.js HTTP/1.1" 304 -
::1 - - [26/May/2016:15:29:14 +0800] "GET / HTTP/1.1" 304 -
::1 - - [26/May/2016:15:29:14 +0800] "GET /test.css HTTP/1.1" 200 2025
::1 - - [26/May/2016:15:29:14 +0800] "GET /button.css HTTP/1.1" 304 -
::1 - - [26/May/2016:15:29:14 +0800] "GET /bootstrap.css HTTP/1.1" 304 -
::1 - - [26/May/2016:15:29:14 +0800] "GET /jquery-2.2.4.min.js HTTP/1.1" 304 -
::1 - - [26/May/2016:15:29:14 +0800] "GET /test.js HTTP/1.1" 304 -
::1 - - [26/May/2016:15:29:14 +0800] "GET /angular.js HTTP/1.1" 304 -
::1 - - [26/May/2016:15:30:07 +0800] "GET / HTTP/1.1" 304 -
::1 - - [26/May/2016:15:30:07 +0800] "GET /test.css HTTP/1.1" 200 2026
::1 - - [26/May/2016:15:30:07 +0800] "GET /button.css HTTP/1.1" 304 -
::1 - - [26/May/2016:15:30:07 +0800] "GET /bootstrap.css HTTP/1.1" 304 -
::1 - - [26/May/2016:15:30:07 +0800] "GET /jquery-2.2.4.min.js HTTP/1.1" 304 -
::1 - - [26/May/2016:15:30:07 +0800] "GET /angular.js HTTP/1.1" 304 -
::1 - - [26/May/2016:15:30:07 +0800] "GET /test.js HTTP/1.1" 304 -
::1 - - [26/May/2016:15:30:09 +0800] "GET / HTTP/1.1" 304 -
::1 - - [26/May/2016:15:30:09 +0800] "GET /test.css HTTP/1.1" 304 -
::1 - - [26/May/2016:15:30:09 +0800] "GET /button.css HTTP/1.1" 304 -
::1 - - [26/May/2016:15:30:09 +0800] "GET /bootstrap.css HTTP/1.1" 304 -
::1 - - [26/May/2016:15:30:09 +0800] "GET /jquery-2.2.4.min.js HTTP/1.1" 304 -
::1 - - [26/May/2016:15:30:09 +0800] "GET /angular.js HTTP/1.1" 304 -
::1 - - [26/May/2016:15:30:09 +0800] "GET /test.js HTTP/1.1" 304 -
::1 - - [26/May/2016:15:30:19 +0800] "GET / HTTP/1.1" 304 -
::1 - - [26/May/2016:15:30:19 +0800] "GET /test.css HTTP/1.1" 200 2026
::1 - - [26/May/2016:15:30:19 +0800] "GET /button.css HTTP/1.1" 304 -
::1 - - [26/May/2016:15:30:19 +0800] "GET /jquery-2.2.4.min.js HTTP/1.1" 304 -
::1 - - [26/May/2016:15:30:19 +0800] "GET /angular.js HTTP/1.1" 304 -
::1 - - [26/May/2016:15:30:19 +0800] "GET /test.js HTTP/1.1" 304 -
::1 - - [26/May/2016:15:30:19 +0800] "GET /bootstrap.css HTTP/1.1" 304 -
::1 - - [26/May/2016:15:30:58 +0800] "GET / HTTP/1.1" 304 -
::1 - - [26/May/2016:15:30:58 +0800] "GET /test.css HTTP/1.1" 200 2026
::1 - - [26/May/2016:15:30:58 +0800] "GET /button.css HTTP/1.1" 304 -
::1 - - [26/May/2016:15:30:58 +0800] "GET /bootstrap.css HTTP/1.1" 304 -
::1 - - [26/May/2016:15:30:58 +0800] "GET /jquery-2.2.4.min.js HTTP/1.1" 304 -
::1 - - [26/May/2016:15:30:58 +0800] "GET /angular.js HTTP/1.1" 304 -
::1 - - [26/May/2016:15:30:58 +0800] "GET /test.js HTTP/1.1" 304 -
::1 - - [26/May/2016:15:31:22 +0800] "GET / HTTP/1.1" 304 -
::1 - - [26/May/2016:15:31:22 +0800] "GET /test.css HTTP/1.1" 200 2026
::1 - - [26/May/2016:15:31:22 +0800] "GET /button.css HTTP/1.1" 304 -
::1 - - [26/May/2016:15:31:22 +0800] "GET /bootstrap.css HTTP/1.1" 304 -
::1 - - [26/May/2016:15:31:22 +0800] "GET /jquery-2.2.4.min.js HTTP/1.1" 304 -
::1 - - [26/May/2016:15:31:22 +0800] "GET /angular.js HTTP/1.1" 304 -
::1 - - [26/May/2016:15:31:22 +0800] "GET /test.js HTTP/1.1" 304 -
::1 - - [26/May/2016:15:32:31 +0800] "GET / HTTP/1.1" 200 3065
::1 - - [26/May/2016:15:32:31 +0800] "GET /test.css HTTP/1.1" 200 2025
::1 - - [26/May/2016:15:32:31 +0800] "GET /button.css HTTP/1.1" 304 -
::1 - - [26/May/2016:15:32:31 +0800] "GET /bootstrap.css HTTP/1.1" 304 -
::1 - - [26/May/2016:15:32:31 +0800] "GET /jquery-2.2.4.min.js HTTP/1.1" 304 -
::1 - - [26/May/2016:15:32:31 +0800] "GET /angular.js HTTP/1.1" 304 -
::1 - - [26/May/2016:15:32:31 +0800] "GET /test.js HTTP/1.1" 304 -
::1 - - [26/May/2016:15:32:41 +0800] "GET / HTTP/1.1" 200 3075
::1 - - [26/May/2016:15:32:41 +0800] "GET /test.css HTTP/1.1" 304 -
::1 - - [26/May/2016:15:32:41 +0800] "GET /button.css HTTP/1.1" 304 -
::1 - - [26/May/2016:15:32:41 +0800] "GET /bootstrap.css HTTP/1.1" 304 -
::1 - - [26/May/2016:15:32:41 +0800] "GET /jquery-2.2.4.min.js HTTP/1.1" 304 -
::1 - - [26/May/2016:15:32:41 +0800] "GET /angular.js HTTP/1.1" 304 -
::1 - - [26/May/2016:15:32:41 +0800] "GET /test.js HTTP/1.1" 304 -
::1 - - [26/May/2016:15:32:53 +0800] "GET / HTTP/1.1" 200 3095
::1 - - [26/May/2016:15:32:53 +0800] "GET /test.css HTTP/1.1" 304 -
::1 - - [26/May/2016:15:32:53 +0800] "GET /button.css HTTP/1.1" 304 -
::1 - - [26/May/2016:15:32:53 +0800] "GET /bootstrap.css HTTP/1.1" 304 -
::1 - - [26/May/2016:15:32:53 +0800] "GET /jquery-2.2.4.min.js HTTP/1.1" 304 -
::1 - - [26/May/2016:15:32:53 +0800] "GET /angular.js HTTP/1.1" 304 -
::1 - - [26/May/2016:15:32:53 +0800] "GET /test.js HTTP/1.1" 304 -
::1 - - [26/May/2016:15:33:12 +0800] "GET / HTTP/1.1" 304 -
::1 - - [26/May/2016:15:33:12 +0800] "GET /test.css HTTP/1.1" 304 -
::1 - - [26/May/2016:15:33:12 +0800] "GET /button.css HTTP/1.1" 304 -
::1 - - [26/May/2016:15:33:12 +0800] "GET /bootstrap.css HTTP/1.1" 304 -
::1 - - [26/May/2016:15:33:12 +0800] "GET /jquery-2.2.4.min.js HTTP/1.1" 304 -
::1 - - [26/May/2016:15:33:12 +0800] "GET /angular.js HTTP/1.1" 304 -
::1 - - [26/May/2016:15:33:12 +0800] "GET /test.js HTTP/1.1" 304 -
::1 - - [26/May/2016:15:33:13 +0800] "GET / HTTP/1.1" 304 -
::1 - - [26/May/2016:15:33:13 +0800] "GET /test.css HTTP/1.1" 304 -
::1 - - [26/May/2016:15:33:13 +0800] "GET /button.css HTTP/1.1" 304 -
::1 - - [26/May/2016:15:33:13 +0800] "GET /bootstrap.css HTTP/1.1" 304 -
::1 - - [26/May/2016:15:33:13 +0800] "GET /jquery-2.2.4.min.js HTTP/1.1" 304 -
::1 - - [26/May/2016:15:33:13 +0800] "GET /angular.js HTTP/1.1" 304 -
::1 - - [26/May/2016:15:33:13 +0800] "GET /test.js HTTP/1.1" 304 -
::1 - - [26/May/2016:15:33:26 +0800] "GET / HTTP/1.1" 200 3105
::1 - - [26/May/2016:15:33:26 +0800] "GET /test.css HTTP/1.1" 304 -
::1 - - [26/May/2016:15:33:26 +0800] "GET /button.css HTTP/1.1" 304 -
::1 - - [26/May/2016:15:33:26 +0800] "GET /bootstrap.css HTTP/1.1" 304 -
::1 - - [26/May/2016:15:33:26 +0800] "GET /jquery-2.2.4.min.js HTTP/1.1" 304 -
::1 - - [26/May/2016:15:33:26 +0800] "GET /angular.js HTTP/1.1" 304 -
::1 - - [26/May/2016:15:33:26 +0800] "GET /test.js HTTP/1.1" 304 -
::1 - - [26/May/2016:15:33:27 +0800] "GET / HTTP/1.1" 304 -
::1 - - [26/May/2016:15:33:27 +0800] "GET /test.css HTTP/1.1" 304 -
::1 - - [26/May/2016:15:33:27 +0800] "GET /button.css HTTP/1.1" 304 -
::1 - - [26/May/2016:15:33:27 +0800] "GET /bootstrap.css HTTP/1.1" 304 -
::1 - - [26/May/2016:15:33:27 +0800] "GET /jquery-2.2.4.min.js HTTP/1.1" 304 -
::1 - - [26/May/2016:15:33:27 +0800] "GET /angular.js HTTP/1.1" 304 -
::1 - - [26/May/2016:15:33:27 +0800] "GET /test.js HTTP/1.1" 304 -
::1 - - [26/May/2016:15:33:27 +0800] "GET / HTTP/1.1" 304 -
::1 - - [26/May/2016:15:33:27 +0800] "GET /test.css HTTP/1.1" 304 -
::1 - - [26/May/2016:15:33:27 +0800] "GET /button.css HTTP/1.1" 304 -
::1 - - [26/May/2016:15:33:27 +0800] "GET /bootstrap.css HTTP/1.1" 304 -
::1 - - [26/May/2016:15:33:27 +0800] "GET /jquery-2.2.4.min.js HTTP/1.1" 304 -
::1 - - [26/May/2016:15:33:27 +0800] "GET /angular.js HTTP/1.1" 304 -
::1 - - [26/May/2016:15:33:27 +0800] "GET /test.js HTTP/1.1" 304 -
::1 - - [26/May/2016:15:33:45 +0800] "GET / HTTP/1.1" 200 3106
::1 - - [26/May/2016:15:33:45 +0800] "GET /test.css HTTP/1.1" 304 -
::1 - - [26/May/2016:15:33:45 +0800] "GET /button.css HTTP/1.1" 304 -
::1 - - [26/May/2016:15:33:45 +0800] "GET /bootstrap.css HTTP/1.1" 304 -
::1 - - [26/May/2016:15:33:45 +0800] "GET /jquery-2.2.4.min.js HTTP/1.1" 304 -
::1 - - [26/May/2016:15:33:45 +0800] "GET /angular.js HTTP/1.1" 304 -
::1 - - [26/May/2016:15:33:45 +0800] "GET /test.js HTTP/1.1" 304 -
::1 - - [26/May/2016:15:33:54 +0800] "GET / HTTP/1.1" 200 3116
::1 - - [26/May/2016:15:33:54 +0800] "GET /test.css HTTP/1.1" 304 -
::1 - - [26/May/2016:15:33:54 +0800] "GET /button.css HTTP/1.1" 304 -
::1 - - [26/May/2016:15:33:54 +0800] "GET /bootstrap.css HTTP/1.1" 304 -
::1 - - [26/May/2016:15:33:54 +0800] "GET /jquery-2.2.4.min.js HTTP/1.1" 304 -
::1 - - [26/May/2016:15:33:54 +0800] "GET /angular.js HTTP/1.1" 304 -
::1 - - [26/May/2016:15:33:54 +0800] "GET /test.js HTTP/1.1" 304 -
::1 - - [26/May/2016:15:34:38 +0800] "GET / HTTP/1.1" 200 3118
::1 - - [26/May/2016:15:34:38 +0800] "GET /test.css HTTP/1.1" 200 2067
::1 - - [26/May/2016:15:34:38 +0800] "GET /button.css HTTP/1.1" 304 -
::1 - - [26/May/2016:15:34:38 +0800] "GET /bootstrap.css HTTP/1.1" 304 -
::1 - - [26/May/2016:15:34:38 +0800] "GET /jquery-2.2.4.min.js HTTP/1.1" 304 -
::1 - - [26/May/2016:15:34:38 +0800] "GET /angular.js HTTP/1.1" 304 -
::1 - - [26/May/2016:15:34:38 +0800] "GET /test.js HTTP/1.1" 304 -
::1 - - [26/May/2016:15:34:52 +0800] "GET / HTTP/1.1" 200 3120
::1 - - [26/May/2016:15:34:52 +0800] "GET /test.css HTTP/1.1" 304 -
::1 - - [26/May/2016:15:34:52 +0800] "GET /button.css HTTP/1.1" 304 -
::1 - - [26/May/2016:15:34:52 +0800] "GET /bootstrap.css HTTP/1.1" 304 -
::1 - - [26/May/2016:15:34:52 +0800] "GET /jquery-2.2.4.min.js HTTP/1.1" 304 -
::1 - - [26/May/2016:15:34:52 +0800] "GET /angular.js HTTP/1.1" 304 -
::1 - - [26/May/2016:15:34:52 +0800] "GET /test.js HTTP/1.1" 304 -
::1 - - [26/May/2016:15:35:06 +0800] "GET / HTTP/1.1" 200 3142
::1 - - [26/May/2016:15:35:06 +0800] "GET /test.css HTTP/1.1" 304 -
::1 - - [26/May/2016:15:35:06 +0800] "GET /button.css HTTP/1.1" 304 -
::1 - - [26/May/2016:15:35:06 +0800] "GET /bootstrap.css HTTP/1.1" 304 -
::1 - - [26/May/2016:15:35:06 +0800] "GET /jquery-2.2.4.min.js HTTP/1.1" 304 -
::1 - - [26/May/2016:15:35:06 +0800] "GET /angular.js HTTP/1.1" 304 -
::1 - - [26/May/2016:15:35:06 +0800] "GET /test.js HTTP/1.1" 304 -
::1 - - [26/May/2016:15:35:17 +0800] "GET / HTTP/1.1" 200 3152
::1 - - [26/May/2016:15:35:17 +0800] "GET /test.css HTTP/1.1" 304 -
::1 - - [26/May/2016:15:35:17 +0800] "GET /button.css HTTP/1.1" 304 -
::1 - - [26/May/2016:15:35:17 +0800] "GET /bootstrap.css HTTP/1.1" 304 -
::1 - - [26/May/2016:15:35:17 +0800] "GET /jquery-2.2.4.min.js HTTP/1.1" 304 -
::1 - - [26/May/2016:15:35:17 +0800] "GET /angular.js HTTP/1.1" 304 -
::1 - - [26/May/2016:15:35:17 +0800] "GET /test.js HTTP/1.1" 304 -
::1 - - [26/May/2016:15:36:00 +0800] "GET / HTTP/1.1" 200 3180
::1 - - [26/May/2016:15:36:00 +0800] "GET /test.css HTTP/1.1" 200 2113
::1 - - [26/May/2016:15:36:00 +0800] "GET /button.css HTTP/1.1" 304 -
::1 - - [26/May/2016:15:36:00 +0800] "GET /bootstrap.css HTTP/1.1" 304 -
::1 - - [26/May/2016:15:36:00 +0800] "GET /jquery-2.2.4.min.js HTTP/1.1" 304 -
::1 - - [26/May/2016:15:36:00 +0800] "GET /angular.js HTTP/1.1" 304 -
::1 - - [26/May/2016:15:36:00 +0800] "GET /test.js HTTP/1.1" 304 -
::1 - - [26/May/2016:15:36:01 +0800] "GET / HTTP/1.1" 304 -
::1 - - [26/May/2016:15:36:01 +0800] "GET /test.css HTTP/1.1" 304 -
::1 - - [26/May/2016:15:36:01 +0800] "GET /button.css HTTP/1.1" 304 -
::1 - - [26/May/2016:15:36:01 +0800] "GET /bootstrap.css HTTP/1.1" 304 -
::1 - - [26/May/2016:15:36:01 +0800] "GET /jquery-2.2.4.min.js HTTP/1.1" 304 -
::1 - - [26/May/2016:15:36:01 +0800] "GET /angular.js HTTP/1.1" 304 -
::1 - - [26/May/2016:15:36:01 +0800] "GET /test.js HTTP/1.1" 304 -
::1 - - [26/May/2016:15:36:02 +0800] "GET / HTTP/1.1" 304 -
::1 - - [26/May/2016:15:36:02 +0800] "GET /test.css HTTP/1.1" 304 -
::1 - - [26/May/2016:15:36:02 +0800] "GET /button.css HTTP/1.1" 304 -
::1 - - [26/May/2016:15:36:02 +0800] "GET /bootstrap.css HTTP/1.1" 304 -
::1 - - [26/May/2016:15:36:02 +0800] "GET /jquery-2.2.4.min.js HTTP/1.1" 304 -
::1 - - [26/May/2016:15:36:02 +0800] "GET /angular.js HTTP/1.1" 304 -
::1 - - [26/May/2016:15:36:02 +0800] "GET /test.js HTTP/1.1" 304 -
::1 - - [26/May/2016:15:36:15 +0800] "GET / HTTP/1.1" 200 3180
::1 - - [26/May/2016:15:36:15 +0800] "GET /test.css HTTP/1.1" 304 -
::1 - - [26/May/2016:15:36:15 +0800] "GET /button.css HTTP/1.1" 304 -
::1 - - [26/May/2016:15:36:15 +0800] "GET /bootstrap.css HTTP/1.1" 304 -
::1 - - [26/May/2016:15:36:15 +0800] "GET /jquery-2.2.4.min.js HTTP/1.1" 304 -
::1 - - [26/May/2016:15:36:15 +0800] "GET /angular.js HTTP/1.1" 304 -
::1 - - [26/May/2016:15:36:15 +0800] "GET /test.js HTTP/1.1" 304 -
::1 - - [26/May/2016:15:37:49 +0800] "GET / HTTP/1.1" 200 3180
::1 - - [26/May/2016:15:37:49 +0800] "GET /test.css HTTP/1.1" 200 2200
::1 - - [26/May/2016:15:37:49 +0800] "GET /button.css HTTP/1.1" 304 -
::1 - - [26/May/2016:15:37:49 +0800] "GET /bootstrap.css HTTP/1.1" 304 -
::1 - - [26/May/2016:15:37:49 +0800] "GET /jquery-2.2.4.min.js HTTP/1.1" 304 -
::1 - - [26/May/2016:15:37:49 +0800] "GET /angular.js HTTP/1.1" 304 -
::1 - - [26/May/2016:15:37:49 +0800] "GET /test.js HTTP/1.1" 304 -
::1 - - [26/May/2016:15:38:07 +0800] "GET / HTTP/1.1" 304 -
::1 - - [26/May/2016:15:38:07 +0800] "GET /test.css HTTP/1.1" 200 2200
::1 - - [26/May/2016:15:38:07 +0800] "GET /button.css HTTP/1.1" 304 -
::1 - - [26/May/2016:15:38:07 +0800] "GET /bootstrap.css HTTP/1.1" 304 -
::1 - - [26/May/2016:15:38:07 +0800] "GET /jquery-2.2.4.min.js HTTP/1.1" 304 -
::1 - - [26/May/2016:15:38:07 +0800] "GET /angular.js HTTP/1.1" 304 -
::1 - - [26/May/2016:15:38:07 +0800] "GET /test.js HTTP/1.1" 304 -
::1 - - [26/May/2016:15:48:36 +0800] "GET / HTTP/1.1" 200 3237
::1 - - [26/May/2016:15:48:37 +0800] "GET /test.css HTTP/1.1" 304 -
::1 - - [26/May/2016:15:48:37 +0800] "GET /button.css HTTP/1.1" 304 -
::1 - - [26/May/2016:15:48:37 +0800] "GET /bootstrap.css HTTP/1.1" 304 -
::1 - - [26/May/2016:15:48:37 +0800] "GET /jquery-2.2.4.min.js HTTP/1.1" 304 -
::1 - - [26/May/2016:15:48:37 +0800] "GET /angular.js HTTP/1.1" 304 -
::1 - - [26/May/2016:15:48:37 +0800] "GET /test.js HTTP/1.1" 200 1119
::1 - - [26/May/2016:15:48:38 +0800] "GET / HTTP/1.1" 304 -
::1 - - [26/May/2016:15:48:38 +0800] "GET /test.css HTTP/1.1" 304 -
::1 - - [26/May/2016:15:48:38 +0800] "GET /button.css HTTP/1.1" 304 -
::1 - - [26/May/2016:15:48:38 +0800] "GET /bootstrap.css HTTP/1.1" 304 -
::1 - - [26/May/2016:15:48:38 +0800] "GET /jquery-2.2.4.min.js HTTP/1.1" 304 -
::1 - - [26/May/2016:15:48:38 +0800] "GET /angular.js HTTP/1.1" 304 -
::1 - - [26/May/2016:15:48:38 +0800] "GET /test.js HTTP/1.1" 304 -
::1 - - [26/May/2016:15:48:39 +0800] "GET / HTTP/1.1" 304 -
::1 - - [26/May/2016:15:48:39 +0800] "GET /test.css HTTP/1.1" 304 -
::1 - - [26/May/2016:15:48:39 +0800] "GET /button.css HTTP/1.1" 304 -
::1 - - [26/May/2016:15:48:39 +0800] "GET /bootstrap.css HTTP/1.1" 304 -
::1 - - [26/May/2016:15:48:39 +0800] "GET /jquery-2.2.4.min.js HTTP/1.1" 304 -
::1 - - [26/May/2016:15:48:39 +0800] "GET /angular.js HTTP/1.1" 304 -
::1 - - [26/May/2016:15:48:39 +0800] "GET /test.js HTTP/1.1" 304 -
::1 - - [26/May/2016:15:49:24 +0800] "GET / HTTP/1.1" 200 3239
::1 - - [26/May/2016:15:49:24 +0800] "GET /test.css HTTP/1.1" 304 -
::1 - - [26/May/2016:15:49:24 +0800] "GET /button.css HTTP/1.1" 304 -
::1 - - [26/May/2016:15:49:24 +0800] "GET /bootstrap.css HTTP/1.1" 304 -
::1 - - [26/May/2016:15:49:24 +0800] "GET /jquery-2.2.4.min.js HTTP/1.1" 304 -
::1 - - [26/May/2016:15:49:24 +0800] "GET /angular.js HTTP/1.1" 304 -
::1 - - [26/May/2016:15:49:24 +0800] "GET /test.js HTTP/1.1" 200 1052
::1 - - [26/May/2016:15:49:44 +0800] "GET /angular.min.js.map HTTP/1.1" 404 216
::1 - - [26/May/2016:15:49:50 +0800] "GET /firstMain.json HTTP/1.1" 200 828
::1 - - [26/May/2016:15:50:58 +0800] "GET / HTTP/1.1" 304 -
::1 - - [26/May/2016:15:50:58 +0800] "GET /test.css HTTP/1.1" 304 -
::1 - - [26/May/2016:15:50:58 +0800] "GET /button.css HTTP/1.1" 304 -
::1 - - [26/May/2016:15:50:58 +0800] "GET /bootstrap.css HTTP/1.1" 304 -
::1 - - [26/May/2016:15:50:58 +0800] "GET /jquery-2.2.4.min.js HTTP/1.1" 304 -
::1 - - [26/May/2016:15:50:58 +0800] "GET /angular.js HTTP/1.1" 304 -
::1 - - [26/May/2016:15:50:58 +0800] "GET /test.js HTTP/1.1" 304 -
::1 - - [26/May/2016:15:50:58 +0800] "GET /angular.min.js.map HTTP/1.1" 404 216
::1 - - [26/May/2016:15:50:59 +0800] "GET / HTTP/1.1" 304 -
::1 - - [26/May/2016:15:50:59 +0800] "GET /test.css HTTP/1.1" 304 -
::1 - - [26/May/2016:15:50:59 +0800] "GET /button.css HTTP/1.1" 304 -
::1 - - [26/May/2016:15:50:59 +0800] "GET /bootstrap.css HTTP/1.1" 304 -
::1 - - [26/May/2016:15:50:59 +0800] "GET /jquery-2.2.4.min.js HTTP/1.1" 304 -
::1 - - [26/May/2016:15:50:59 +0800] "GET /angular.js HTTP/1.1" 304 -
::1 - - [26/May/2016:15:50:59 +0800] "GET /test.js HTTP/1.1" 304 -
::1 - - [26/May/2016:15:50:59 +0800] "GET /angular.min.js.map HTTP/1.1" 404 216
::1 - - [26/May/2016:15:51:01 +0800] "GET / HTTP/1.1" 304 -
::1 - - [26/May/2016:15:51:01 +0800] "GET /test.css HTTP/1.1" 304 -
::1 - - [26/May/2016:15:51:01 +0800] "GET /button.css HTTP/1.1" 304 -
::1 - - [26/May/2016:15:51:01 +0800] "GET /bootstrap.css HTTP/1.1" 304 -
::1 - - [26/May/2016:15:51:01 +0800] "GET /angular.js HTTP/1.1" 304 -
::1 - - [26/May/2016:15:51:01 +0800] "GET /jquery-2.2.4.min.js HTTP/1.1" 304 -
::1 - - [26/May/2016:15:51:01 +0800] "GET /test.js HTTP/1.1" 304 -
::1 - - [26/May/2016:15:51:01 +0800] "GET /angular.min.js.map HTTP/1.1" 404 216
::1 - - [26/May/2016:15:51:34 +0800] "GET / HTTP/1.1" 200 3258
::1 - - [26/May/2016:15:51:34 +0800] "GET /test.css HTTP/1.1" 304 -
::1 - - [26/May/2016:15:51:34 +0800] "GET /button.css HTTP/1.1" 304 -
::1 - - [26/May/2016:15:51:34 +0800] "GET /bootstrap.css HTTP/1.1" 304 -
::1 - - [26/May/2016:15:51:34 +0800] "GET /jquery-2.2.4.min.js HTTP/1.1" 304 -
::1 - - [26/May/2016:15:51:34 +0800] "GET /angular.js HTTP/1.1" 304 -
::1 - - [26/May/2016:15:51:34 +0800] "GET /test.js HTTP/1.1" 304 -
::1 - - [26/May/2016:15:51:34 +0800] "GET /angular.min.js.map HTTP/1.1" 404 216
::1 - - [26/May/2016:15:54:45 +0800] "GET / HTTP/1.1" 200 3363
::1 - - [26/May/2016:15:54:45 +0800] "GET /test.css HTTP/1.1" 304 -
::1 - - [26/May/2016:15:54:45 +0800] "GET /button.css HTTP/1.1" 304 -
::1 - - [26/May/2016:15:54:45 +0800] "GET /bootstrap.css HTTP/1.1" 304 -
::1 - - [26/May/2016:15:54:45 +0800] "GET /angular.js HTTP/1.1" 304 -
::1 - - [26/May/2016:15:54:45 +0800] "GET /jquery-2.2.4.min.js HTTP/1.1" 304 -
::1 - - [26/May/2016:15:54:45 +0800] "GET /test.js HTTP/1.1" 200 1858
::1 - - [26/May/2016:15:54:45 +0800] "GET /angular.min.js.map HTTP/1.1" 404 216
::1 - - [26/May/2016:15:54:46 +0800] "GET /firstXun.json HTTP/1.1" 200 828
::1 - - [26/May/2016:15:56:38 +0800] "GET / HTTP/1.1" 304 -
::1 - - [26/May/2016:15:56:38 +0800] "GET /test.css HTTP/1.1" 304 -
::1 - - [26/May/2016:15:56:38 +0800] "GET /bootstrap.css HTTP/1.1" 304 -
::1 - - [26/May/2016:15:56:38 +0800] "GET /button.css HTTP/1.1" 304 -
::1 - - [26/May/2016:15:56:38 +0800] "GET /jquery-2.2.4.min.js HTTP/1.1" 304 -
::1 - - [26/May/2016:15:56:38 +0800] "GET /angular.js HTTP/1.1" 304 -
::1 - - [26/May/2016:15:56:38 +0800] "GET /test.js HTTP/1.1" 304 -
::1 - - [26/May/2016:15:56:38 +0800] "GET /angular.min.js.map HTTP/1.1" 404 216
::1 - - [26/May/2016:15:57:04 +0800] "GET / HTTP/1.1" 304 -
::1 - - [26/May/2016:15:57:04 +0800] "GET /test.css HTTP/1.1" 304 -
::1 - - [26/May/2016:15:57:04 +0800] "GET /button.css HTTP/1.1" 304 -
::1 - - [26/May/2016:15:57:04 +0800] "GET /bootstrap.css HTTP/1.1" 304 -
::1 - - [26/May/2016:15:57:04 +0800] "GET /angular.js HTTP/1.1" 304 -
::1 - - [26/May/2016:15:57:04 +0800] "GET /test.js HTTP/1.1" 304 -
::1 - - [26/May/2016:15:57:04 +0800] "GET /jquery-2.2.4.min.js HTTP/1.1" 304 -
::1 - - [26/May/2016:15:57:05 +0800] "GET /angular.min.js.map HTTP/1.1" 404 216
::1 - - [26/May/2016:15:58:34 +0800] "GET / HTTP/1.1" 304 -
::1 - - [26/May/2016:15:58:34 +0800] "GET /test.css HTTP/1.1" 304 -
::1 - - [26/May/2016:15:58:34 +0800] "GET /button.css HTTP/1.1" 304 -
::1 - - [26/May/2016:15:58:34 +0800] "GET /bootstrap.css HTTP/1.1" 304 -
::1 - - [26/May/2016:15:58:34 +0800] "GET /jquery-2.2.4.min.js HTTP/1.1" 304 -
::1 - - [26/May/2016:15:58:34 +0800] "GET /angular.js HTTP/1.1" 304 -
::1 - - [26/May/2016:15:58:34 +0800] "GET /test.js HTTP/1.1" 304 -
::1 - - [26/May/2016:15:58:34 +0800] "GET /angular.min.js.map HTTP/1.1" 404 216
::1 - - [26/May/2016:15:58:36 +0800] "GET / HTTP/1.1" 304 -
::1 - - [26/May/2016:15:58:36 +0800] "GET /button.css HTTP/1.1" 304 -
::1 - - [26/May/2016:15:58:36 +0800] "GET /angular.js HTTP/1.1" 304 -
::1 - - [26/May/2016:15:58:36 +0800] "GET /bootstrap.css HTTP/1.1" 304 -
::1 - - [26/May/2016:15:58:36 +0800] "GET /jquery-2.2.4.min.js HTTP/1.1" 304 -
::1 - - [26/May/2016:15:58:36 +0800] "GET /test.js HTTP/1.1" 304 -
::1 - - [26/May/2016:15:58:36 +0800] "GET /test.css HTTP/1.1" 304 -
::1 - - [26/May/2016:15:58:36 +0800] "GET /angular.min.js.map HTTP/1.1" 404 216
::1 - - [26/May/2016:15:59:27 +0800] "GET / HTTP/1.1" 304 -
::1 - - [26/May/2016:15:59:28 +0800] "GET /test.css HTTP/1.1" 304 -
::1 - - [26/May/2016:15:59:28 +0800] "GET /button.css HTTP/1.1" 304 -
::1 - - [26/May/2016:15:59:28 +0800] "GET /bootstrap.css HTTP/1.1" 304 -
::1 - - [26/May/2016:15:59:28 +0800] "GET /jquery-2.2.4.min.js HTTP/1.1" 304 -
::1 - - [26/May/2016:15:59:28 +0800] "GET /angular.js HTTP/1.1" 304 -
::1 - - [26/May/2016:15:59:28 +0800] "GET /test.js HTTP/1.1" 200 1862
::1 - - [26/May/2016:15:59:28 +0800] "GET /angular.min.js.map HTTP/1.1" 404 216
::1 - - [26/May/2016:15:59:37 +0800] "GET /test.js HTTP/1.1" 304 -
::1 - - [26/May/2016:16:00:29 +0800] "GET /angular.min.js.map HTTP/1.1" 404 216
::1 - - [26/May/2016:16:01:20 +0800] "GET / HTTP/1.1" 304 -
::1 - - [26/May/2016:16:01:20 +0800] "GET /test.css HTTP/1.1" 304 -
::1 - - [26/May/2016:16:01:20 +0800] "GET /button.css HTTP/1.1" 304 -
::1 - - [26/May/2016:16:01:20 +0800] "GET /bootstrap.css HTTP/1.1" 304 -
::1 - - [26/May/2016:16:01:20 +0800] "GET /jquery-2.2.4.min.js HTTP/1.1" 304 -
::1 - - [26/May/2016:16:01:20 +0800] "GET /angular.js HTTP/1.1" 304 -
::1 - - [26/May/2016:16:01:20 +0800] "GET /test.js HTTP/1.1" 200 1887
::1 - - [26/May/2016:16:01:20 +0800] "GET /angular.min.js.map HTTP/1.1" 404 216
::1 - - [26/May/2016:16:01:41 +0800] "GET / HTTP/1.1" 304 -
::1 - - [26/May/2016:16:01:41 +0800] "GET /test.css HTTP/1.1" 304 -
::1 - - [26/May/2016:16:01:41 +0800] "GET /button.css HTTP/1.1" 304 -
::1 - - [26/May/2016:16:01:41 +0800] "GET /jquery-2.2.4.min.js HTTP/1.1" 304 -
::1 - - [26/May/2016:16:01:41 +0800] "GET /bootstrap.css HTTP/1.1" 304 -
::1 - - [26/May/2016:16:01:41 +0800] "GET /angular.js HTTP/1.1" 304 -
::1 - - [26/May/2016:16:01:41 +0800] "GET /test.js HTTP/1.1" 200 1897
::1 - - [26/May/2016:16:01:41 +0800] "GET /angular.min.js.map HTTP/1.1" 404 216
::1 - - [26/May/2016:16:03:02 +0800] "GET / HTTP/1.1" 304 -
::1 - - [26/May/2016:16:03:02 +0800] "GET /button.css HTTP/1.1" 304 -
::1 - - [26/May/2016:16:03:02 +0800] "GET /jquery-2.2.4.min.js HTTP/1.1" 304 -
::1 - - [26/May/2016:16:03:02 +0800] "GET /test.css HTTP/1.1" 304 -
::1 - - [26/May/2016:16:03:02 +0800] "GET /test.js HTTP/1.1" 304 -
::1 - - [26/May/2016:16:03:02 +0800] "GET /bootstrap.css HTTP/1.1" 304 -
::1 - - [26/May/2016:16:03:02 +0800] "GET /angular.js HTTP/1.1" 304 -
::1 - - [26/May/2016:16:03:02 +0800] "GET /angular.min.js.map HTTP/1.1" 404 216
::1 - - [26/May/2016:16:03:53 +0800] "GET / HTTP/1.1" 304 -
::1 - - [26/May/2016:16:03:53 +0800] "GET /test.css HTTP/1.1" 304 -
::1 - - [26/May/2016:16:03:53 +0800] "GET /button.css HTTP/1.1" 304 -
::1 - - [26/May/2016:16:03:53 +0800] "GET /jquery-2.2.4.min.js HTTP/1.1" 304 -
::1 - - [26/May/2016:16:03:53 +0800] "GET /bootstrap.css HTTP/1.1" 304 -
::1 - - [26/May/2016:16:03:53 +0800] "GET /angular.js HTTP/1.1" 304 -
::1 - - [26/May/2016:16:03:53 +0800] "GET /test.js HTTP/1.1" 200 1901
::1 - - [26/May/2016:16:03:53 +0800] "GET /angular.min.js.map HTTP/1.1" 404 216
::1 - - [26/May/2016:16:04:12 +0800] "GET /test.js HTTP/1.1" 304 -
::1 - - [26/May/2016:16:04:12 +0800] "GET /favicon.ico HTTP/1.1" 404 209
::1 - - [26/May/2016:16:04:20 +0800] "GET /angular.min.js.map HTTP/1.1" 404 216
::1 - - [26/May/2016:16:05:24 +0800] "GET / HTTP/1.1" 304 -
::1 - - [26/May/2016:16:05:24 +0800] "GET /test.css HTTP/1.1" 304 -
::1 - - [26/May/2016:16:05:24 +0800] "GET /button.css HTTP/1.1" 304 -
::1 - - [26/May/2016:16:05:24 +0800] "GET /bootstrap.css HTTP/1.1" 304 -
::1 - - [26/May/2016:16:05:24 +0800] "GET /angular.js HTTP/1.1" 304 -
::1 - - [26/May/2016:16:05:24 +0800] "GET /test.js HTTP/1.1" 304 -
::1 - - [26/May/2016:16:05:24 +0800] "GET /jquery-2.2.4.min.js HTTP/1.1" 304 -
::1 - - [26/May/2016:16:05:24 +0800] "GET /angular.min.js.map HTTP/1.1" 404 216
::1 - - [26/May/2016:16:07:41 +0800] "GET / HTTP/1.1" 304 -
::1 - - [26/May/2016:16:07:41 +0800] "GET /test.js HTTP/1.1" 304 -
::1 - - [26/May/2016:16:07:49 +0800] "GET /angular.min.js.map HTTP/1.1" 404 216
::1 - - [26/May/2016:16:08:18 +0800] "GET / HTTP/1.1" 304 -
::1 - - [26/May/2016:16:08:18 +0800] "GET /test.css HTTP/1.1" 304 -
::1 - - [26/May/2016:16:08:18 +0800] "GET /button.css HTTP/1.1" 304 -
::1 - - [26/May/2016:16:08:18 +0800] "GET /bootstrap.css HTTP/1.1" 304 -
::1 - - [26/May/2016:16:08:18 +0800] "GET /jquery-2.2.4.min.js HTTP/1.1" 304 -
::1 - - [26/May/2016:16:08:18 +0800] "GET /test.js HTTP/1.1" 200 1903
::1 - - [26/May/2016:16:08:18 +0800] "GET /angular.js HTTP/1.1" 304 -
::1 - - [26/May/2016:16:08:18 +0800] "GET /angular.min.js.map HTTP/1.1" 404 216
::1 - - [26/May/2016:16:08:19 +0800] "GET / HTTP/1.1" 304 -
::1 - - [26/May/2016:16:08:19 +0800] "GET /test.css HTTP/1.1" 304 -
::1 - - [26/May/2016:16:08:19 +0800] "GET /button.css HTTP/1.1" 304 -
::1 - - [26/May/2016:16:08:19 +0800] "GET /bootstrap.css HTTP/1.1" 304 -
::1 - - [26/May/2016:16:08:19 +0800] "GET /jquery-2.2.4.min.js HTTP/1.1" 304 -
::1 - - [26/May/2016:16:08:19 +0800] "GET /angular.js HTTP/1.1" 304 -
::1 - - [26/May/2016:16:08:19 +0800] "GET /test.js HTTP/1.1" 304 -
::1 - - [26/May/2016:16:08:19 +0800] "GET /angular.min.js.map HTTP/1.1" 404 216
::1 - - [26/May/2016:16:09:21 +0800] "GET / HTTP/1.1" 304 -
::1 - - [26/May/2016:16:09:21 +0800] "GET /test.css HTTP/1.1" 304 -
::1 - - [26/May/2016:16:09:21 +0800] "GET /button.css HTTP/1.1" 304 -
::1 - - [26/May/2016:16:09:21 +0800] "GET /bootstrap.css HTTP/1.1" 304 -
::1 - - [26/May/2016:16:09:21 +0800] "GET /jquery-2.2.4.min.js HTTP/1.1" 304 -
::1 - - [26/May/2016:16:09:21 +0800] "GET /angular.js HTTP/1.1" 304 -
::1 - - [26/May/2016:16:09:21 +0800] "GET /test.js HTTP/1.1" 200 1919
::1 - - [26/May/2016:16:09:21 +0800] "GET /angular.min.js.map HTTP/1.1" 404 216
::1 - - [26/May/2016:16:10:41 +0800] "GET / HTTP/1.1" 304 -
::1 - - [26/May/2016:16:10:41 +0800] "GET /test.css HTTP/1.1" 304 -
::1 - - [26/May/2016:16:10:41 +0800] "GET /bootstrap.css HTTP/1.1" 304 -
::1 - - [26/May/2016:16:10:41 +0800] "GET /jquery-2.2.4.min.js HTTP/1.1" 304 -
::1 - - [26/May/2016:16:10:41 +0800] "GET /test.js HTTP/1.1" 200 2512
::1 - - [26/May/2016:16:10:41 +0800] "GET /button.css HTTP/1.1" 304 -
::1 - - [26/May/2016:16:10:41 +0800] "GET /angular.js HTTP/1.1" 304 -
::1 - - [26/May/2016:16:10:41 +0800] "GET /angular.min.js.map HTTP/1.1" 404 216
::1 - - [26/May/2016:16:11:42 +0800] "GET / HTTP/1.1" 200 3363
::1 - - [26/May/2016:16:11:42 +0800] "GET /test.css HTTP/1.1" 200 2200
::1 - - [26/May/2016:16:11:42 +0800] "GET /button.css HTTP/1.1" 200 82038
::1 - - [26/May/2016:16:11:42 +0800] "GET /bootstrap.css HTTP/1.1" 200 106022
::1 - - [26/May/2016:16:11:42 +0800] "GET /jquery-2.2.4.min.js HTTP/1.1" 200 85578
::1 - - [26/May/2016:16:11:42 +0800] "GET /test.js HTTP/1.1" 200 2512
::1 - - [26/May/2016:16:11:42 +0800] "GET /angular.js HTTP/1.1" 200 147289
::1 - - [26/May/2016:16:11:42 +0800] "GET /angular.min.js.map HTTP/1.1" 404 216
::1 - - [26/May/2016:16:11:43 +0800] "GET /firstMain.json HTTP/1.1" 200 330
::1 - - [26/May/2016:16:11:44 +0800] "GET /firstMain.json HTTP/1.1" 200 330
::1 - - [26/May/2016:16:11:52 +0800] "GET /firstMain.json HTTP/1.1" 200 330
::1 - - [26/May/2016:16:11:54 +0800] "GET /firstMain.json HTTP/1.1" 200 330
::1 - - [26/May/2016:16:11:55 +0800] "GET /firstMain.json HTTP/1.1" 200 330
::1 - - [26/May/2016:16:11:56 +0800] "GET /firstMain.json HTTP/1.1" 200 330
::1 - - [26/May/2016:16:11:57 +0800] "GET /firstMain.json HTTP/1.1" 200 330
::1 - - [26/May/2016:16:11:58 +0800] "GET /firstMain.json HTTP/1.1" 200 330
::1 - - [26/May/2016:16:11:59 +0800] "GET /firstMain.json HTTP/1.1" 200 330
::1 - - [26/May/2016:16:12:00 +0800] "GET /firstMain.json HTTP/1.1" 200 330
::1 - - [26/May/2016:16:12:37 +0800] "GET / HTTP/1.1" 304 -
::1 - - [26/May/2016:16:12:37 +0800] "GET /test.css HTTP/1.1" 304 -
::1 - - [26/May/2016:16:12:37 +0800] "GET /button.css HTTP/1.1" 304 -
::1 - - [26/May/2016:16:12:37 +0800] "GET /bootstrap.css HTTP/1.1" 304 -
::1 - - [26/May/2016:16:12:37 +0800] "GET /jquery-2.2.4.min.js HTTP/1.1" 304 -
::1 - - [26/May/2016:16:12:37 +0800] "GET /angular.js HTTP/1.1" 304 -
::1 - - [26/May/2016:16:12:37 +0800] "GET /test.js HTTP/1.1" 200 1919
::1 - - [26/May/2016:16:13:35 +0800] "GET / HTTP/1.1" 304 -
::1 - - [26/May/2016:16:13:35 +0800] "GET /test.css HTTP/1.1" 304 -
::1 - - [26/May/2016:16:13:35 +0800] "GET /button.css HTTP/1.1" 304 -
::1 - - [26/May/2016:16:13:35 +0800] "GET /bootstrap.css HTTP/1.1" 304 -
::1 - - [26/May/2016:16:13:35 +0800] "GET /jquery-2.2.4.min.js HTTP/1.1" 304 -
::1 - - [26/May/2016:16:13:35 +0800] "GET /angular.js HTTP/1.1" 304 -
::1 - - [26/May/2016:16:13:35 +0800] "GET /test.js HTTP/1.1" 304 -
::1 - - [26/May/2016:16:13:37 +0800] "GET /firstMain.json HTTP/1.1" 304 -
::1 - - [26/May/2016:16:14:28 +0800] "GET /angular.min.js.map HTTP/1.1" 404 216
::1 - - [26/May/2016:16:14:53 +0800] "GET / HTTP/1.1" 200 3363
::1 - - [26/May/2016:16:14:53 +0800] "GET /test.css HTTP/1.1" 200 2200
::1 - - [26/May/2016:16:14:53 +0800] "GET /button.css HTTP/1.1" 200 82038
::1 - - [26/May/2016:16:14:53 +0800] "GET /jquery-2.2.4.min.js HTTP/1.1" 200 85578
::1 - - [26/May/2016:16:14:53 +0800] "GET /test.js HTTP/1.1" 200 1919
::1 - - [26/May/2016:16:14:53 +0800] "GET /bootstrap.css HTTP/1.1" 200 106022
::1 - - [26/May/2016:16:14:53 +0800] "GET /angular.js HTTP/1.1" 200 147289
::1 - - [26/May/2016:16:14:53 +0800] "GET /angular.min.js.map HTTP/1.1" 404 216
::1 - - [26/May/2016:16:14:55 +0800] "GET /firstXun.json HTTP/1.1" 200 362
::1 - - [26/May/2016:16:14:55 +0800] "GET /firstMain.json HTTP/1.1" 200 330
::1 - - [26/May/2016:16:14:56 +0800] "GET /firstMain.json HTTP/1.1" 200 330
::1 - - [26/May/2016:16:14:56 +0800] "GET /firstXun.json HTTP/1.1" 200 362
::1 - - [26/May/2016:16:14:57 +0800] "GET /firstMain.json HTTP/1.1" 200 330
::1 - - [26/May/2016:16:14:57 +0800] "GET /firstXun.json HTTP/1.1" 200 362
::1 - - [26/May/2016:16:18:19 +0800] "GET / HTTP/1.1" 304 -
::1 - - [26/May/2016:16:18:19 +0800] "GET /test.css HTTP/1.1" 304 -
::1 - - [26/May/2016:16:18:19 +0800] "GET /bootstrap.css HTTP/1.1" 304 -
::1 - - [26/May/2016:16:18:19 +0800] "GET /jquery-2.2.4.min.js HTTP/1.1" 304 -
::1 - - [26/May/2016:16:18:19 +0800] "GET /angular.js HTTP/1.1" 304 -
::1 - - [26/May/2016:16:18:19 +0800] "GET /button.css HTTP/1.1" 304 -
::1 - - [26/May/2016:16:18:19 +0800] "GET /test.js HTTP/1.1" 200 1929
::1 - - [26/May/2016:16:18:20 +0800] "GET /data/firstMain.json HTTP/1.1" 200 330
::1 - - [26/May/2016:16:18:20 +0800] "GET /data/firstXun.json HTTP/1.1" 200 362
::1 - - [26/May/2016:16:18:26 +0800] "GET /angular.min.js.map HTTP/1.1" 404 216
::1 - - [26/May/2016:16:18:35 +0800] "GET / HTTP/1.1" 200 3363
::1 - - [26/May/2016:16:18:35 +0800] "GET /test.css HTTP/1.1" 200 2200
::1 - - [26/May/2016:16:18:35 +0800] "GET /button.css HTTP/1.1" 200 82038
::1 - - [26/May/2016:16:18:35 +0800] "GET /jquery-2.2.4.min.js HTTP/1.1" 200 85578
::1 - - [26/May/2016:16:18:35 +0800] "GET /bootstrap.css HTTP/1.1" 200 106022
::1 - - [26/May/2016:16:18:35 +0800] "GET /angular.js HTTP/1.1" 200 147289
::1 - - [26/May/2016:16:18:35 +0800] "GET /test.js HTTP/1.1" 200 1929
::1 - - [26/May/2016:16:18:35 +0800] "GET /angular.min.js.map HTTP/1.1" 404 216
::1 - - [26/May/2016:16:18:36 +0800] "GET /data/firstMain.json HTTP/1.1" 200 330
::1 - - [26/May/2016:16:18:36 +0800] "GET /data/firstXun.json HTTP/1.1" 200 362
::1 - - [26/May/2016:16:18:37 +0800] "GET /data/firstMain.json HTTP/1.1" 200 330
::1 - - [26/May/2016:16:18:37 +0800] "GET /data/firstXun.json HTTP/1.1" 200 362
::1 - - [26/May/2016:16:18:38 +0800] "GET /data/firstMain.json HTTP/1.1" 200 330
::1 - - [26/May/2016:16:18:38 +0800] "GET /data/firstXun.json HTTP/1.1" 200 362
::1 - - [26/May/2016:16:18:39 +0800] "GET /data/firstMain.json HTTP/1.1" 200 330
::1 - - [26/May/2016:16:18:39 +0800] "GET /data/firstXun.json HTTP/1.1" 200 362
::1 - - [26/May/2016:16:18:39 +0800] "GET /data/firstMain.json HTTP/1.1" 200 330
::1 - - [26/May/2016:16:18:39 +0800] "GET /data/firstXun.json HTTP/1.1" 200 362
::1 - - [26/May/2016:16:19:40 +0800] "GET / HTTP/1.1" 200 3363
::1 - - [26/May/2016:16:19:40 +0800] "GET /test.css HTTP/1.1" 200 2200
::1 - - [26/May/2016:16:19:40 +0800] "GET /button.css HTTP/1.1" 200 82038
::1 - - [26/May/2016:16:19:40 +0800] "GET /bootstrap.css HTTP/1.1" 200 106022
::1 - - [26/May/2016:16:19:40 +0800] "GET /angular.js HTTP/1.1" 200 147289
::1 - - [26/May/2016:16:19:40 +0800] "GET /jquery-2.2.4.min.js HTTP/1.1" 200 85578
::1 - - [26/May/2016:16:19:40 +0800] "GET /test.js HTTP/1.1" 200 1925
::1 - - [26/May/2016:16:19:40 +0800] "GET /angular.min.js.map HTTP/1.1" 404 216
::1 - - [26/May/2016:16:19:41 +0800] "GET /data/firstMain.json HTTP/1.1" 200 330
::1 - - [26/May/2016:16:19:41 +0800] "GET /data/firstXun.json HTTP/1.1" 200 362
::1 - - [26/May/2016:16:19:42 +0800] "GET /data/firstMain.json HTTP/1.1" 200 330
::1 - - [26/May/2016:16:19:42 +0800] "GET /data/firstXun.json HTTP/1.1" 200 362
::1 - - [26/May/2016:16:19:42 +0800] "GET /data/firstMain.json HTTP/1.1" 200 330
::1 - - [26/May/2016:16:19:42 +0800] "GET /data/firstXun.json HTTP/1.1" 200 362
::1 - - [26/May/2016:16:19:43 +0800] "GET /data/firstMain.json HTTP/1.1" 200 330
::1 - - [26/May/2016:16:19:43 +0800] "GET /data/firstXun.json HTTP/1.1" 200 362
::1 - - [26/May/2016:16:19:43 +0800] "GET /data/firstMain.json HTTP/1.1" 200 330
::1 - - [26/May/2016:16:19:43 +0800] "GET /data/firstXun.json HTTP/1.1" 200 362
::1 - - [26/May/2016:16:19:44 +0800] "GET /data/firstMain.json HTTP/1.1" 200 330
::1 - - [26/May/2016:16:19:44 +0800] "GET /data/firstXun.json HTTP/1.1" 200 362
::1 - - [26/May/2016:16:19:44 +0800] "GET /data/firstMain.json HTTP/1.1" 200 330
::1 - - [26/May/2016:16:19:44 +0800] "GET /data/firstXun.json HTTP/1.1" 200 362
::1 - - [26/May/2016:16:19:45 +0800] "GET /data/firstMain.json HTTP/1.1" 200 330
::1 - - [26/May/2016:16:19:45 +0800] "GET /data/firstXun.json HTTP/1.1" 200 362
::1 - - [26/May/2016:16:19:46 +0800] "GET /data/firstMain.json HTTP/1.1" 200 330
::1 - - [26/May/2016:16:19:46 +0800] "GET /data/firstXun.json HTTP/1.1" 200 362
::1 - - [26/May/2016:16:19:46 +0800] "GET /data/firstMain.json HTTP/1.1" 200 330
::1 - - [26/May/2016:16:19:46 +0800] "GET /data/firstXun.json HTTP/1.1" 200 362
::1 - - [26/May/2016:16:19:47 +0800] "GET /data/firstMain.json HTTP/1.1" 200 330
::1 - - [26/May/2016:16:19:47 +0800] "GET /data/firstXun.json HTTP/1.1" 200 362
::1 - - [26/May/2016:16:19:48 +0800] "GET /data/firstMain.json HTTP/1.1" 200 330
::1 - - [26/May/2016:16:19:48 +0800] "GET /data/firstXun.json HTTP/1.1" 200 362
::1 - - [26/May/2016:16:19:48 +0800] "GET /data/firstMain.json HTTP/1.1" 200 330
::1 - - [26/May/2016:16:19:48 +0800] "GET /data/firstXun.json HTTP/1.1" 200 362
::1 - - [26/May/2016:16:19:49 +0800] "GET /data/firstMain.json HTTP/1.1" 200 330
::1 - - [26/May/2016:16:19:49 +0800] "GET /data/firstXun.json HTTP/1.1" 200 362
::1 - - [26/May/2016:16:19:50 +0800] "GET /data/firstMain.json HTTP/1.1" 200 330
::1 - - [26/May/2016:16:19:50 +0800] "GET /data/firstXun.json HTTP/1.1" 200 362
::1 - - [26/May/2016:16:19:50 +0800] "GET /data/firstMain.json HTTP/1.1" 200 330
::1 - - [26/May/2016:16:19:50 +0800] "GET /data/firstXun.json HTTP/1.1" 200 362
::1 - - [26/May/2016:16:25:16 +0800] "GET / HTTP/1.1" 200 3374
::1 - - [26/May/2016:16:25:16 +0800] "GET /test.css HTTP/1.1" 304 -
::1 - - [26/May/2016:16:25:16 +0800] "GET /button.css HTTP/1.1" 304 -
::1 - - [26/May/2016:16:25:16 +0800] "GET /bootstrap.css HTTP/1.1" 304 -
::1 - - [26/May/2016:16:25:16 +0800] "GET /jquery-2.2.4.min.js HTTP/1.1" 304 -
::1 - - [26/May/2016:16:25:16 +0800] "GET /angular.js HTTP/1.1" 304 -
::1 - - [26/May/2016:16:25:16 +0800] "GET /test.js HTTP/1.1" 200 5536
::1 - - [26/May/2016:16:25:18 +0800] "GET /data/firstMain.json HTTP/1.1" 304 -
::1 - - [26/May/2016:16:25:18 +0800] "GET /data/firstXun.json HTTP/1.1" 304 -
::1 - - [26/May/2016:16:25:19 +0800] "GET /data/secondMain.json HTTP/1.1" 200 828
::1 - - [26/May/2016:16:25:19 +0800] "GET /data/secondXun.json HTTP/1.1" 200 828
::1 - - [26/May/2016:16:25:20 +0800] "GET /data/thirdMain.json HTTP/1.1" 200 828
::1 - - [26/May/2016:16:25:20 +0800] "GET /data/thirdXun.json HTTP/1.1" 200 828
::1 - - [26/May/2016:16:25:23 +0800] "GET /angular.min.js.map HTTP/1.1" 404 216
::1 - - [26/May/2016:16:25:59 +0800] "GET / HTTP/1.1" 200 3374
::1 - - [26/May/2016:16:25:59 +0800] "GET /test.css HTTP/1.1" 200 2200
::1 - - [26/May/2016:16:25:59 +0800] "GET /button.css HTTP/1.1" 200 82038
::1 - - [26/May/2016:16:25:59 +0800] "GET /angular.js HTTP/1.1" 200 147289
::1 - - [26/May/2016:16:25:59 +0800] "GET /jquery-2.2.4.min.js HTTP/1.1" 200 85578
::1 - - [26/May/2016:16:25:59 +0800] "GET /bootstrap.css HTTP/1.1" 200 106022
::1 - - [26/May/2016:16:25:59 +0800] "GET /test.js HTTP/1.1" 200 5536
::1 - - [26/May/2016:16:25:59 +0800] "GET /angular.min.js.map HTTP/1.1" 404 216
::1 - - [26/May/2016:16:26:01 +0800] "GET /data/firstMain.json HTTP/1.1" 200 330
::1 - - [26/May/2016:16:26:01 +0800] "GET /data/firstXun.json HTTP/1.1" 200 362
::1 - - [26/May/2016:16:26:02 +0800] "GET /data/secondMain.json HTTP/1.1" 200 828
::1 - - [26/May/2016:16:26:02 +0800] "GET /data/secondXun.json HTTP/1.1" 200 828
::1 - - [26/May/2016:16:26:04 +0800] "GET /data/thirdMain.json HTTP/1.1" 200 828
::1 - - [26/May/2016:16:26:04 +0800] "GET /data/thirdXun.json HTTP/1.1" 200 828
::1 - - [26/May/2016:16:28:51 +0800] "GET / HTTP/1.1" 200 3374
::1 - - [26/May/2016:16:28:51 +0800] "GET /test.css HTTP/1.1" 200 2200
::1 - - [26/May/2016:16:28:51 +0800] "GET /button.css HTTP/1.1" 200 82038
::1 - - [26/May/2016:16:28:51 +0800] "GET /angular.js HTTP/1.1" 200 147289
::1 - - [26/May/2016:16:28:51 +0800] "GET /jquery-2.2.4.min.js HTTP/1.1" 200 85578
::1 - - [26/May/2016:16:28:51 +0800] "GET /test.js HTTP/1.1" 200 5593
::1 - - [26/May/2016:16:28:51 +0800] "GET /bootstrap.css HTTP/1.1" 200 106022
::1 - - [26/May/2016:16:28:51 +0800] "GET /angular.min.js.map HTTP/1.1" 404 216
::1 - - [26/May/2016:16:28:52 +0800] "GET /data/firstMain.json HTTP/1.1" 200 330
::1 - - [26/May/2016:16:28:52 +0800] "GET /data/firstXun.json HTTP/1.1" 200 362
::1 - - [26/May/2016:16:28:53 +0800] "GET /data/secondMain.json HTTP/1.1" 200 828
::1 - - [26/May/2016:16:28:53 +0800] "GET /data/secondXun.json HTTP/1.1" 200 828
::1 - - [26/May/2016:16:29:08 +0800] "GET / HTTP/1.1" 200 3374
::1 - - [26/May/2016:16:29:08 +0800] "GET /test.css HTTP/1.1" 200 2200
::1 - - [26/May/2016:16:29:08 +0800] "GET /jquery-2.2.4.min.js HTTP/1.1" 200 85578
::1 - - [26/May/2016:16:29:08 +0800] "GET /bootstrap.css HTTP/1.1" 200 106022
::1 - - [26/May/2016:16:29:08 +0800] "GET /button.css HTTP/1.1" 200 82038
::1 - - [26/May/2016:16:29:08 +0800] "GET /angular.js HTTP/1.1" 200 147289
::1 - - [26/May/2016:16:29:08 +0800] "GET /test.js HTTP/1.1" 200 5594
::1 - - [26/May/2016:16:29:08 +0800] "GET /angular.min.js.map HTTP/1.1" 404 216
::1 - - [26/May/2016:16:29:09 +0800] "GET /data/firstMain.json HTTP/1.1" 200 330
::1 - - [26/May/2016:16:29:09 +0800] "GET /data/firstXun.json HTTP/1.1" 200 362
::1 - - [26/May/2016:16:29:10 +0800] "GET /data/secondMain.json HTTP/1.1" 200 828
::1 - - [26/May/2016:16:29:10 +0800] "GET /data/secondXun.json HTTP/1.1" 200 828
::1 - - [26/May/2016:16:29:11 +0800] "GET /data/thirdMain.json HTTP/1.1" 200 828
::1 - - [26/May/2016:16:29:11 +0800] "GET /data/thirdXun.json HTTP/1.1" 200 828
::1 - - [26/May/2016:16:29:12 +0800] "GET /data/thirdMain.json HTTP/1.1" 200 828
::1 - - [26/May/2016:16:29:12 +0800] "GET /data/thirdXun.json HTTP/1.1" 200 828
::1 - - [26/May/2016:16:29:13 +0800] "GET /data/thirdMain.json HTTP/1.1" 200 828
::1 - - [26/May/2016:16:29:13 +0800] "GET /data/thirdXun.json HTTP/1.1" 200 828
::1 - - [26/May/2016:16:29:13 +0800] "GET /data/thirdMain.json HTTP/1.1" 200 828
::1 - - [26/May/2016:16:29:13 +0800] "GET /data/thirdXun.json HTTP/1.1" 200 828
::1 - - [26/May/2016:16:29:13 +0800] "GET /data/thirdMain.json HTTP/1.1" 200 828
::1 - - [26/May/2016:16:29:13 +0800] "GET /data/thirdXun.json HTTP/1.1" 200 828
::1 - - [26/May/2016:16:29:13 +0800] "GET /data/thirdXun.json HTTP/1.1" 200 828
::1 - - [26/May/2016:16:29:13 +0800] "GET /data/thirdMain.json HTTP/1.1" 200 828
::1 - - [26/May/2016:16:29:14 +0800] "GET /data/thirdMain.json HTTP/1.1" 200 828
::1 - - [26/May/2016:16:29:14 +0800] "GET /data/thirdXun.json HTTP/1.1" 200 828
::1 - - [26/May/2016:16:29:14 +0800] "GET /data/thirdMain.json HTTP/1.1" 200 828
::1 - - [26/May/2016:16:29:14 +0800] "GET /data/thirdXun.json HTTP/1.1" 200 828
::1 - - [26/May/2016:16:29:14 +0800] "GET /data/thirdMain.json HTTP/1.1" 200 828
::1 - - [26/May/2016:16:29:14 +0800] "GET /data/thirdXun.json HTTP/1.1" 200 828
::1 - - [26/May/2016:16:29:14 +0800] "GET /data/thirdMain.json HTTP/1.1" 200 828
::1 - - [26/May/2016:16:29:14 +0800] "GET /data/thirdXun.json HTTP/1.1" 200 828
::1 - - [26/May/2016:16:29:15 +0800] "GET /data/thirdMain.json HTTP/1.1" 200 828
::1 - - [26/May/2016:16:29:15 +0800] "GET /data/thirdXun.json HTTP/1.1" 200 828
::1 - - [26/May/2016:16:29:15 +0800] "GET /data/thirdMain.json HTTP/1.1" 200 828
::1 - - [26/May/2016:16:29:15 +0800] "GET /data/thirdXun.json HTTP/1.1" 200 828
::1 - - [26/May/2016:16:29:15 +0800] "GET /data/thirdMain.json HTTP/1.1" 200 828
::1 - - [26/May/2016:16:29:15 +0800] "GET /data/thirdXun.json HTTP/1.1" 200 828
::1 - - [26/May/2016:16:29:15 +0800] "GET /data/thirdMain.json HTTP/1.1" 200 828
::1 - - [26/May/2016:16:29:15 +0800] "GET /data/thirdXun.json HTTP/1.1" 200 828
::1 - - [26/May/2016:16:29:15 +0800] "GET /data/thirdMain.json HTTP/1.1" 200 828
::1 - - [26/May/2016:16:29:15 +0800] "GET /data/thirdXun.json HTTP/1.1" 200 828
::1 - - [26/May/2016:16:29:16 +0800] "GET /data/thirdMain.json HTTP/1.1" 200 828
::1 - - [26/May/2016:16:29:16 +0800] "GET /data/thirdXun.json HTTP/1.1" 200 828
::1 - - [26/May/2016:16:29:16 +0800] "GET /data/thirdMain.json HTTP/1.1" 200 828
::1 - - [26/May/2016:16:29:16 +0800] "GET /data/thirdXun.json HTTP/1.1" 200 828
::1 - - [26/May/2016:16:29:16 +0800] "GET /data/thirdMain.json HTTP/1.1" 200 828
::1 - - [26/May/2016:16:29:16 +0800] "GET /data/thirdXun.json HTTP/1.1" 200 828
::1 - - [26/May/2016:16:29:16 +0800] "GET /data/thirdMain.json HTTP/1.1" 200 828
::1 - - [26/May/2016:16:29:16 +0800] "GET /data/thirdXun.json HTTP/1.1" 200 828
::1 - - [26/May/2016:16:29:16 +0800] "GET /data/thirdMain.json HTTP/1.1" 200 828
::1 - - [26/May/2016:16:29:16 +0800] "GET /data/thirdXun.json HTTP/1.1" 200 828
::1 - - [26/May/2016:16:29:17 +0800] "GET /data/thirdMain.json HTTP/1.1" 200 828
::1 - - [26/May/2016:16:29:17 +0800] "GET /data/thirdXun.json HTTP/1.1" 200 828
::1 - - [26/May/2016:16:29:17 +0800] "GET /data/thirdMain.json HTTP/1.1" 200 828
::1 - - [26/May/2016:16:29:17 +0800] "GET /data/thirdXun.json HTTP/1.1" 200 828
::1 - - [26/May/2016:16:29:17 +0800] "GET /data/thirdMain.json HTTP/1.1" 200 828
::1 - - [26/May/2016:16:29:17 +0800] "GET /data/thirdXun.json HTTP/1.1" 200 828
::1 - - [26/May/2016:16:29:17 +0800] "GET /data/thirdMain.json HTTP/1.1" 200 828
::1 - - [26/May/2016:16:29:17 +0800] "GET /data/thirdXun.json HTTP/1.1" 200 828
::1 - - [26/May/2016:16:29:17 +0800] "GET /data/thirdMain.json HTTP/1.1" 200 828
::1 - - [26/May/2016:16:29:17 +0800] "GET /data/thirdXun.json HTTP/1.1" 200 828
::1 - - [26/May/2016:16:29:18 +0800] "GET /data/thirdMain.json HTTP/1.1" 200 828
::1 - - [26/May/2016:16:29:18 +0800] "GET /data/thirdXun.json HTTP/1.1" 200 828
::1 - - [26/May/2016:16:29:18 +0800] "GET /data/thirdMain.json HTTP/1.1" 200 828
::1 - - [26/May/2016:16:29:18 +0800] "GET /data/thirdXun.json HTTP/1.1" 200 828
::1 - - [26/May/2016:16:29:18 +0800] "GET /data/thirdMain.json HTTP/1.1" 200 828
::1 - - [26/May/2016:16:29:18 +0800] "GET /data/thirdXun.json HTTP/1.1" 200 828
::1 - - [26/May/2016:16:29:18 +0800] "GET /data/thirdMain.json HTTP/1.1" 200 828
::1 - - [26/May/2016:16:29:18 +0800] "GET /data/thirdXun.json HTTP/1.1" 200 828
::1 - - [26/May/2016:16:29:18 +0800] "GET /data/thirdMain.json HTTP/1.1" 200 828
::1 - - [26/May/2016:16:29:18 +0800] "GET /data/thirdXun.json HTTP/1.1" 200 828
::1 - - [26/May/2016:16:29:19 +0800] "GET /data/thirdMain.json HTTP/1.1" 200 828
::1 - - [26/May/2016:16:29:19 +0800] "GET /data/thirdXun.json HTTP/1.1" 200 828
::1 - - [26/May/2016:16:29:19 +0800] "GET /data/secondMain.json HTTP/1.1" 200 828
::1 - - [26/May/2016:16:29:19 +0800] "GET /data/secondXun.json HTTP/1.1" 200 828
::1 - - [26/May/2016:16:29:20 +0800] "GET /data/secondMain.json HTTP/1.1" 200 828
::1 - - [26/May/2016:16:29:20 +0800] "GET /data/secondXun.json HTTP/1.1" 200 828
::1 - - [26/May/2016:16:29:20 +0800] "GET /data/secondMain.json HTTP/1.1" 200 828
::1 - - [26/May/2016:16:29:20 +0800] "GET /data/secondXun.json HTTP/1.1" 200 828
::1 - - [26/May/2016:16:29:20 +0800] "GET /data/secondMain.json HTTP/1.1" 200 828
::1 - - [26/May/2016:16:29:20 +0800] "GET /data/secondXun.json HTTP/1.1" 200 828
::1 - - [26/May/2016:16:29:20 +0800] "GET /data/secondMain.json HTTP/1.1" 200 828
::1 - - [26/May/2016:16:29:20 +0800] "GET /data/secondXun.json HTTP/1.1" 200 828
::1 - - [26/May/2016:16:29:20 +0800] "GET /data/secondMain.json HTTP/1.1" 200 828
::1 - - [26/May/2016:16:29:20 +0800] "GET /data/secondXun.json HTTP/1.1" 200 828
::1 - - [26/May/2016:16:29:21 +0800] "GET /data/secondMain.json HTTP/1.1" 200 828
::1 - - [26/May/2016:16:29:21 +0800] "GET /data/secondXun.json HTTP/1.1" 200 828
::1 - - [26/May/2016:16:29:21 +0800] "GET /data/secondMain.json HTTP/1.1" 200 828
::1 - - [26/May/2016:16:29:21 +0800] "GET /data/secondXun.json HTTP/1.1" 200 828
::1 - - [26/May/2016:16:29:21 +0800] "GET /data/secondMain.json HTTP/1.1" 200 828
::1 - - [26/May/2016:16:29:21 +0800] "GET /data/secondXun.json HTTP/1.1" 200 828
::1 - - [26/May/2016:16:29:21 +0800] "GET /data/secondMain.json HTTP/1.1" 200 828
::1 - - [26/May/2016:16:29:21 +0800] "GET /data/secondXun.json HTTP/1.1" 200 828
::1 - - [26/May/2016:16:29:21 +0800] "GET /data/secondMain.json HTTP/1.1" 200 828
::1 - - [26/May/2016:16:29:21 +0800] "GET /data/secondXun.json HTTP/1.1" 200 828
::1 - - [26/May/2016:16:29:22 +0800] "GET /data/secondMain.json HTTP/1.1" 200 828
::1 - - [26/May/2016:16:29:22 +0800] "GET /data/secondXun.json HTTP/1.1" 200 828
::1 - - [26/May/2016:16:29:22 +0800] "GET /data/secondMain.json HTTP/1.1" 200 828
::1 - - [26/May/2016:16:29:22 +0800] "GET /data/secondXun.json HTTP/1.1" 200 828
::1 - - [26/May/2016:16:29:22 +0800] "GET /data/secondMain.json HTTP/1.1" 200 828
::1 - - [26/May/2016:16:29:22 +0800] "GET /data/secondXun.json HTTP/1.1" 200 828
::1 - - [26/May/2016:16:29:22 +0800] "GET /data/secondMain.json HTTP/1.1" 200 828
::1 - - [26/May/2016:16:29:22 +0800] "GET /data/secondXun.json HTTP/1.1" 200 828
::1 - - [26/May/2016:16:29:22 +0800] "GET /data/secondMain.json HTTP/1.1" 200 828
::1 - - [26/May/2016:16:29:22 +0800] "GET /data/secondXun.json HTTP/1.1" 200 828
::1 - - [26/May/2016:16:29:23 +0800] "GET /data/secondMain.json HTTP/1.1" 200 828
::1 - - [26/May/2016:16:29:23 +0800] "GET /data/secondXun.json HTTP/1.1" 200 828
::1 - - [26/May/2016:16:29:23 +0800] "GET /data/secondMain.json HTTP/1.1" 200 828
::1 - - [26/May/2016:16:29:23 +0800] "GET /data/secondXun.json HTTP/1.1" 200 828
::1 - - [26/May/2016:16:29:23 +0800] "GET /data/secondMain.json HTTP/1.1" 200 828
::1 - - [26/May/2016:16:29:23 +0800] "GET /data/secondXun.json HTTP/1.1" 200 828
::1 - - [26/May/2016:16:29:23 +0800] "GET /data/secondMain.json HTTP/1.1" 200 828
::1 - - [26/May/2016:16:29:23 +0800] "GET /data/secondXun.json HTTP/1.1" 200 828
::1 - - [26/May/2016:16:29:24 +0800] "GET /data/secondMain.json HTTP/1.1" 200 828
::1 - - [26/May/2016:16:29:24 +0800] "GET /data/secondXun.json HTTP/1.1" 200 828
::1 - - [26/May/2016:16:29:24 +0800] "GET /data/secondMain.json HTTP/1.1" 200 828
::1 - - [26/May/2016:16:29:24 +0800] "GET /data/secondXun.json HTTP/1.1" 200 828
::1 - - [26/May/2016:16:29:24 +0800] "GET /data/secondMain.json HTTP/1.1" 200 828
::1 - - [26/May/2016:16:29:24 +0800] "GET /data/secondXun.json HTTP/1.1" 200 828
::1 - - [26/May/2016:16:29:24 +0800] "GET /data/secondMain.json HTTP/1.1" 200 828
::1 - - [26/May/2016:16:29:24 +0800] "GET /data/secondXun.json HTTP/1.1" 200 828
::1 - - [26/May/2016:16:29:24 +0800] "GET /data/secondMain.json HTTP/1.1" 200 828
::1 - - [26/May/2016:16:29:24 +0800] "GET /data/secondXun.json HTTP/1.1" 200 828
::1 - - [26/May/2016:16:29:25 +0800] "GET /data/secondMain.json HTTP/1.1" 200 828
::1 - - [26/May/2016:16:29:25 +0800] "GET /data/secondXun.json HTTP/1.1" 200 828
::1 - - [26/May/2016:16:29:25 +0800] "GET /data/secondMain.json HTTP/1.1" 200 828
::1 - - [26/May/2016:16:29:25 +0800] "GET /data/secondXun.json HTTP/1.1" 200 828
::1 - - [26/May/2016:16:29:25 +0800] "GET /data/secondMain.json HTTP/1.1" 200 828
::1 - - [26/May/2016:16:29:25 +0800] "GET /data/secondXun.json HTTP/1.1" 200 828
::1 - - [26/May/2016:16:29:25 +0800] "GET /data/secondMain.json HTTP/1.1" 200 828
::1 - - [26/May/2016:16:29:25 +0800] "GET /data/secondXun.json HTTP/1.1" 200 828
::1 - - [26/May/2016:16:29:26 +0800] "GET /data/secondMain.json HTTP/1.1" 200 828
::1 - - [26/May/2016:16:29:26 +0800] "GET /data/secondXun.json HTTP/1.1" 200 828
::1 - - [26/May/2016:16:29:26 +0800] "GET /data/secondMain.json HTTP/1.1" 200 828
::1 - - [26/May/2016:16:29:26 +0800] "GET /data/secondXun.json HTTP/1.1" 200 828
::1 - - [26/May/2016:16:29:26 +0800] "GET /data/secondMain.json HTTP/1.1" 200 828
::1 - - [26/May/2016:16:29:26 +0800] "GET /data/secondXun.json HTTP/1.1" 200 828
::1 - - [26/May/2016:16:29:26 +0800] "GET /data/secondMain.json HTTP/1.1" 200 828
::1 - - [26/May/2016:16:29:26 +0800] "GET /data/secondXun.json HTTP/1.1" 200 828
::1 - - [26/May/2016:16:29:27 +0800] "GET /data/secondMain.json HTTP/1.1" 200 828
::1 - - [26/May/2016:16:29:27 +0800] "GET /data/secondXun.json HTTP/1.1" 200 828
::1 - - [26/May/2016:16:29:27 +0800] "GET /data/secondMain.json HTTP/1.1" 200 828
::1 - - [26/May/2016:16:29:27 +0800] "GET /data/secondXun.json HTTP/1.1" 200 828
::1 - - [26/May/2016:16:29:27 +0800] "GET /data/secondMain.json HTTP/1.1" 200 828
::1 - - [26/May/2016:16:29:27 +0800] "GET /data/secondXun.json HTTP/1.1" 200 828
::1 - - [26/May/2016:16:29:27 +0800] "GET /data/secondMain.json HTTP/1.1" 200 828
::1 - - [26/May/2016:16:29:27 +0800] "GET /data/secondXun.json HTTP/1.1" 200 828
::1 - - [26/May/2016:16:29:27 +0800] "GET /data/secondMain.json HTTP/1.1" 200 828
::1 - - [26/May/2016:16:29:27 +0800] "GET /data/secondXun.json HTTP/1.1" 200 828
::1 - - [26/May/2016:16:29:28 +0800] "GET /data/secondMain.json HTTP/1.1" 200 828
::1 - - [26/May/2016:16:29:28 +0800] "GET /data/secondXun.json HTTP/1.1" 200 828
::1 - - [26/May/2016:16:29:28 +0800] "GET /data/secondMain.json HTTP/1.1" 200 828
::1 - - [26/May/2016:16:29:28 +0800] "GET /data/secondXun.json HTTP/1.1" 200 828
::1 - - [26/May/2016:16:29:28 +0800] "GET /data/secondMain.json HTTP/1.1" 200 828
::1 - - [26/May/2016:16:29:28 +0800] "GET /data/secondXun.json HTTP/1.1" 200 828
::1 - - [26/May/2016:16:29:28 +0800] "GET /data/secondMain.json HTTP/1.1" 200 828
::1 - - [26/May/2016:16:29:28 +0800] "GET /data/secondXun.json HTTP/1.1" 200 828
::1 - - [26/May/2016:16:29:28 +0800] "GET /data/secondMain.json HTTP/1.1" 200 828
::1 - - [26/May/2016:16:29:28 +0800] "GET /data/secondXun.json HTTP/1.1" 200 828
::1 - - [26/May/2016:16:29:29 +0800] "GET /data/secondMain.json HTTP/1.1" 200 828
::1 - - [26/May/2016:16:29:29 +0800] "GET /data/secondXun.json HTTP/1.1" 200 828
::1 - - [26/May/2016:16:29:29 +0800] "GET /data/secondMain.json HTTP/1.1" 200 828
::1 - - [26/May/2016:16:29:29 +0800] "GET /data/secondXun.json HTTP/1.1" 200 828
::1 - - [26/May/2016:16:29:29 +0800] "GET /data/secondMain.json HTTP/1.1" 200 828
::1 - - [26/May/2016:16:29:29 +0800] "GET /data/secondXun.json HTTP/1.1" 200 828
::1 - - [26/May/2016:16:29:29 +0800] "GET /data/secondMain.json HTTP/1.1" 200 828
::1 - - [26/May/2016:16:29:29 +0800] "GET /data/secondXun.json HTTP/1.1" 200 828
::1 - - [26/May/2016:16:29:29 +0800] "GET /data/secondMain.json HTTP/1.1" 200 828
::1 - - [26/May/2016:16:29:29 +0800] "GET /data/secondXun.json HTTP/1.1" 200 828
::1 - - [26/May/2016:16:29:30 +0800] "GET /data/secondMain.json HTTP/1.1" 200 828
::1 - - [26/May/2016:16:29:30 +0800] "GET /data/secondXun.json HTTP/1.1" 200 828
::1 - - [26/May/2016:16:29:30 +0800] "GET /data/secondMain.json HTTP/1.1" 200 828
::1 - - [26/May/2016:16:29:30 +0800] "GET /data/secondXun.json HTTP/1.1" 200 828
::1 - - [26/May/2016:16:29:30 +0800] "GET /data/secondMain.json HTTP/1.1" 200 828
::1 - - [26/May/2016:16:29:30 +0800] "GET /data/secondXun.json HTTP/1.1" 200 828
::1 - - [26/May/2016:16:29:30 +0800] "GET /data/secondMain.json HTTP/1.1" 200 828
::1 - - [26/May/2016:16:29:30 +0800] "GET /data/secondXun.json HTTP/1.1" 200 828
::1 - - [26/May/2016:16:29:31 +0800] "GET /data/secondMain.json HTTP/1.1" 200 828
::1 - - [26/May/2016:16:29:31 +0800] "GET /data/secondXun.json HTTP/1.1" 200 828
::1 - - [26/May/2016:16:29:31 +0800] "GET /data/secondMain.json HTTP/1.1" 200 828
::1 - - [26/May/2016:16:29:31 +0800] "GET /data/secondXun.json HTTP/1.1" 200 828
::1 - - [26/May/2016:16:29:31 +0800] "GET /data/secondMain.json HTTP/1.1" 200 828
::1 - - [26/May/2016:16:29:31 +0800] "GET /data/secondXun.json HTTP/1.1" 200 828
::1 - - [26/May/2016:16:29:31 +0800] "GET /data/secondMain.json HTTP/1.1" 200 828
::1 - - [26/May/2016:16:29:31 +0800] "GET /data/secondXun.json HTTP/1.1" 200 828
::1 - - [26/May/2016:16:29:32 +0800] "GET /data/secondMain.json HTTP/1.1" 200 828
::1 - - [26/May/2016:16:29:32 +0800] "GET /data/secondXun.json HTTP/1.1" 200 828
::1 - - [26/May/2016:16:29:32 +0800] "GET /data/secondMain.json HTTP/1.1" 200 828
::1 - - [26/May/2016:16:29:32 +0800] "GET /data/secondXun.json HTTP/1.1" 200 828
::1 - - [26/May/2016:16:29:32 +0800] "GET /data/secondMain.json HTTP/1.1" 200 828
::1 - - [26/May/2016:16:29:32 +0800] "GET /data/secondXun.json HTTP/1.1" 200 828
::1 - - [26/May/2016:16:29:32 +0800] "GET /data/secondMain.json HTTP/1.1" 200 828
::1 - - [26/May/2016:16:29:32 +0800] "GET /data/secondXun.json HTTP/1.1" 200 828
::1 - - [26/May/2016:16:29:33 +0800] "GET /data/secondMain.json HTTP/1.1" 200 828
::1 - - [26/May/2016:16:29:33 +0800] "GET /data/secondXun.json HTTP/1.1" 200 828
::1 - - [26/May/2016:16:29:33 +0800] "GET /data/secondMain.json HTTP/1.1" 200 828
::1 - - [26/May/2016:16:29:33 +0800] "GET /data/secondXun.json HTTP/1.1" 200 828
::1 - - [26/May/2016:16:29:33 +0800] "GET /data/secondMain.json HTTP/1.1" 200 828
::1 - - [26/May/2016:16:29:33 +0800] "GET /data/secondXun.json HTTP/1.1" 200 828
::1 - - [26/May/2016:16:29:33 +0800] "GET /data/secondMain.json HTTP/1.1" 200 828
::1 - - [26/May/2016:16:29:33 +0800] "GET /data/secondXun.json HTTP/1.1" 200 828
::1 - - [26/May/2016:16:29:34 +0800] "GET /data/secondMain.json HTTP/1.1" 200 828
::1 - - [26/May/2016:16:29:34 +0800] "GET /data/secondXun.json HTTP/1.1" 200 828
::1 - - [26/May/2016:16:29:34 +0800] "GET /data/secondMain.json HTTP/1.1" 200 828
::1 - - [26/May/2016:16:29:34 +0800] "GET /data/secondXun.json HTTP/1.1" 200 828
::1 - - [26/May/2016:16:29:34 +0800] "GET /data/secondMain.json HTTP/1.1" 200 828
::1 - - [26/May/2016:16:29:34 +0800] "GET /data/secondXun.json HTTP/1.1" 200 828
::1 - - [26/May/2016:16:29:34 +0800] "GET /data/secondMain.json HTTP/1.1" 200 828
::1 - - [26/May/2016:16:29:34 +0800] "GET /data/secondXun.json HTTP/1.1" 200 828
::1 - - [26/May/2016:16:29:35 +0800] "GET /data/secondMain.json HTTP/1.1" 200 828
::1 - - [26/May/2016:16:29:35 +0800] "GET /data/secondXun.json HTTP/1.1" 200 828
::1 - - [26/May/2016:16:29:35 +0800] "GET /data/secondMain.json HTTP/1.1" 200 828
::1 - - [26/May/2016:16:29:35 +0800] "GET /data/secondXun.json HTTP/1.1" 200 828
::1 - - [26/May/2016:16:29:35 +0800] "GET /data/secondMain.json HTTP/1.1" 200 828
::1 - - [26/May/2016:16:29:35 +0800] "GET /data/secondXun.json HTTP/1.1" 200 828
::1 - - [26/May/2016:16:29:36 +0800] "GET /data/secondMain.json HTTP/1.1" 200 828
::1 - - [26/May/2016:16:29:36 +0800] "GET /data/secondXun.json HTTP/1.1" 200 828
::1 - - [26/May/2016:16:29:36 +0800] "GET /data/secondMain.json HTTP/1.1" 200 828
::1 - - [26/May/2016:16:29:36 +0800] "GET /data/secondXun.json HTTP/1.1" 200 828
::1 - - [26/May/2016:16:29:36 +0800] "GET /data/secondMain.json HTTP/1.1" 200 828
::1 - - [26/May/2016:16:29:36 +0800] "GET /data/secondXun.json HTTP/1.1" 200 828
::1 - - [26/May/2016:16:29:36 +0800] "GET /data/secondMain.json HTTP/1.1" 200 828
::1 - - [26/May/2016:16:29:36 +0800] "GET /data/secondXun.json HTTP/1.1" 200 828
::1 - - [26/May/2016:16:29:37 +0800] "GET /data/secondMain.json HTTP/1.1" 200 828
::1 - - [26/May/2016:16:29:37 +0800] "GET /data/secondXun.json HTTP/1.1" 200 828
::1 - - [26/May/2016:16:29:37 +0800] "GET /data/secondMain.json HTTP/1.1" 200 828
::1 - - [26/May/2016:16:29:37 +0800] "GET /data/secondXun.json HTTP/1.1" 200 828
::1 - - [26/May/2016:16:29:37 +0800] "GET /data/secondMain.json HTTP/1.1" 200 828
::1 - - [26/May/2016:16:29:37 +0800] "GET /data/secondXun.json HTTP/1.1" 200 828
::1 - - [26/May/2016:16:29:37 +0800] "GET /data/secondMain.json HTTP/1.1" 200 828
::1 - - [26/May/2016:16:29:37 +0800] "GET /data/secondXun.json HTTP/1.1" 200 828
::1 - - [26/May/2016:16:29:37 +0800] "GET /data/secondMain.json HTTP/1.1" 200 828
::1 - - [26/May/2016:16:29:37 +0800] "GET /data/secondXun.json HTTP/1.1" 200 828
::1 - - [26/May/2016:16:29:38 +0800] "GET /data/secondMain.json HTTP/1.1" 200 828
::1 - - [26/May/2016:16:29:38 +0800] "GET /data/secondXun.json HTTP/1.1" 200 828
::1 - - [26/May/2016:16:29:38 +0800] "GET /data/secondMain.json HTTP/1.1" 200 828
::1 - - [26/May/2016:16:29:38 +0800] "GET /data/secondXun.json HTTP/1.1" 200 828
::1 - - [26/May/2016:16:29:39 +0800] "GET /data/secondMain.json HTTP/1.1" 200 828
::1 - - [26/May/2016:16:29:39 +0800] "GET /data/secondXun.json HTTP/1.1" 200 828
::1 - - [26/May/2016:16:29:42 +0800] "GET /data/secondMain.json HTTP/1.1" 200 828
::1 - - [26/May/2016:16:29:42 +0800] "GET /data/secondXun.json HTTP/1.1" 200 828
::1 - - [26/May/2016:16:29:52 +0800] "GET /data/secondMain.json HTTP/1.1" 200 828
::1 - - [26/May/2016:16:29:52 +0800] "GET /data/secondXun.json HTTP/1.1" 200 828
::1 - - [26/May/2016:16:29:55 +0800] "GET /data/secondMain.json HTTP/1.1" 200 828
::1 - - [26/May/2016:16:29:55 +0800] "GET /data/secondXun.json HTTP/1.1" 200 828
::1 - - [26/May/2016:16:29:57 +0800] "GET /data/secondMain.json HTTP/1.1" 200 828
::1 - - [26/May/2016:16:29:57 +0800] "GET /data/secondXun.json HTTP/1.1" 200 828
::1 - - [26/May/2016:16:29:58 +0800] "GET /data/secondMain.json HTTP/1.1" 200 828
::1 - - [26/May/2016:16:29:58 +0800] "GET /data/secondXun.json HTTP/1.1" 200 828
::1 - - [26/May/2016:16:29:59 +0800] "GET /data/secondMain.json HTTP/1.1" 200 828
::1 - - [26/May/2016:16:29:59 +0800] "GET /data/secondXun.json HTTP/1.1" 200 828
::1 - - [26/May/2016:16:29:59 +0800] "GET /data/secondMain.json HTTP/1.1" 200 828
::1 - - [26/May/2016:16:29:59 +0800] "GET /data/secondXun.json HTTP/1.1" 200 828
::1 - - [26/May/2016:16:30:05 +0800] "GET /data/secondMain.json HTTP/1.1" 200 828
::1 - - [26/May/2016:16:30:05 +0800] "GET /data/secondXun.json HTTP/1.1" 200 828
::1 - - [26/May/2016:16:30:07 +0800] "GET /data/secondMain.json HTTP/1.1" 200 828
::1 - - [26/May/2016:16:30:07 +0800] "GET /data/secondXun.json HTTP/1.1" 200 828
::1 - - [26/May/2016:16:30:08 +0800] "GET /data/secondMain.json HTTP/1.1" 200 828
::1 - - [26/May/2016:16:30:08 +0800] "GET /data/secondXun.json HTTP/1.1" 200 828
::1 - - [26/May/2016:16:30:09 +0800] "GET /data/secondMain.json HTTP/1.1" 200 828
::1 - - [26/May/2016:16:30:09 +0800] "GET /data/secondXun.json HTTP/1.1" 200 828
::1 - - [26/May/2016:16:30:11 +0800] "GET /data/secondMain.json HTTP/1.1" 200 828
::1 - - [26/May/2016:16:30:11 +0800] "GET /data/secondXun.json HTTP/1.1" 200 828
::1 - - [26/May/2016:16:30:12 +0800] "GET /data/secondMain.json HTTP/1.1" 200 828
::1 - - [26/May/2016:16:30:12 +0800] "GET /data/secondXun.json HTTP/1.1" 200 828
::1 - - [26/May/2016:16:30:31 +0800] "GET / HTTP/1.1" 304 -
::1 - - [26/May/2016:16:30:31 +0800] "GET /test.css HTTP/1.1" 304 -
::1 - - [26/May/2016:16:30:31 +0800] "GET /button.css HTTP/1.1" 304 -
::1 - - [26/May/2016:16:30:31 +0800] "GET /bootstrap.css HTTP/1.1" 304 -
::1 - - [26/May/2016:16:30:31 +0800] "GET /jquery-2.2.4.min.js HTTP/1.1" 304 -
::1 - - [26/May/2016:16:30:31 +0800] "GET /angular.js HTTP/1.1" 304 -
::1 - - [26/May/2016:16:30:31 +0800] "GET /test.js HTTP/1.1" 304 -
::1 - - [26/May/2016:17:00:24 +0800] "GET / HTTP/1.1" 304 -
::1 - - [26/May/2016:17:00:24 +0800] "GET /test.css HTTP/1.1" 304 -
::1 - - [26/May/2016:17:00:24 +0800] "GET /button.css HTTP/1.1" 304 -
::1 - - [26/May/2016:17:00:24 +0800] "GET /jquery-2.2.4.min.js HTTP/1.1" 304 -
::1 - - [26/May/2016:17:00:24 +0800] "GET /bootstrap.css HTTP/1.1" 304 -
::1 - - [26/May/2016:17:00:24 +0800] "GET /angular.js HTTP/1.1" 304 -
::1 - - [26/May/2016:17:00:24 +0800] "GET /test.js HTTP/1.1" 304 -
::1 - - [26/May/2016:17:00:25 +0800] "GET / HTTP/1.1" 304 -
::1 - - [26/May/2016:17:00:25 +0800] "GET /test.css HTTP/1.1" 304 -
::1 - - [26/May/2016:17:00:25 +0800] "GET /button.css HTTP/1.1" 304 -
::1 - - [26/May/2016:17:00:25 +0800] "GET /bootstrap.css HTTP/1.1" 304 -
::1 - - [26/May/2016:17:00:25 +0800] "GET /jquery-2.2.4.min.js HTTP/1.1" 304 -
::1 - - [26/May/2016:17:00:25 +0800] "GET /angular.js HTTP/1.1" 304 -
::1 - - [26/May/2016:17:00:25 +0800] "GET /test.js HTTP/1.1" 304 -
::1 - - [26/May/2016:17:00:26 +0800] "GET /data/firstMain.json HTTP/1.1" 304 -
::1 - - [26/May/2016:17:00:26 +0800] "GET /data/firstXun.json HTTP/1.1" 304 -
::1 - - [26/May/2016:17:13:49 +0800] "GET /data/firstMain.json HTTP/1.1" 304 -
::1 - - [26/May/2016:17:13:49 +0800] "GET /data/firstXun.json HTTP/1.1" 304 -
::1 - - [26/May/2016:17:14:00 +0800] "GET / HTTP/1.1" 304 -
::1 - - [26/May/2016:17:14:00 +0800] "GET /test.css HTTP/1.1" 304 -
::1 - - [26/May/2016:17:14:00 +0800] "GET /button.css HTTP/1.1" 304 -
::1 - - [26/May/2016:17:14:00 +0800] "GET /bootstrap.css HTTP/1.1" 304 -
::1 - - [26/May/2016:17:14:00 +0800] "GET /jquery-2.2.4.min.js HTTP/1.1" 304 -
::1 - - [26/May/2016:17:14:00 +0800] "GET /angular.js HTTP/1.1" 304 -
::1 - - [26/May/2016:17:14:00 +0800] "GET /test.js HTTP/1.1" 304 -
::1 - - [23/Jun/2016:09:26:30 +0800] "GET / HTTP/1.1" 200 3374
::1 - - [23/Jun/2016:09:26:30 +0800] "GET /button.css HTTP/1.1" 200 82038
::1 - - [23/Jun/2016:09:26:30 +0800] "GET /jquery-2.2.4.min.js HTTP/1.1" 200 85578
::1 - - [23/Jun/2016:09:26:30 +0800] "GET /angular.js HTTP/1.1" 200 147289
::1 - - [23/Jun/2016:09:26:30 +0800] "GET /bootstrap.css HTTP/1.1" 200 106022
::1 - - [23/Jun/2016:09:26:30 +0800] "GET /test.js HTTP/1.1" 200 5594
::1 - - [23/Jun/2016:09:26:30 +0800] "GET /test.css HTTP/1.1" 200 2200
::1 - - [23/Jun/2016:09:26:30 +0800] "GET /favicon.ico HTTP/1.1" 404 209
::1 - - [23/Jun/2016:09:26:33 +0800] "GET /data/firstMain.json HTTP/1.1" 200 330
::1 - - [23/Jun/2016:09:26:33 +0800] "GET /data/firstXun.json HTTP/1.1" 200 362
::1 - - [23/Jun/2016:09:26:34 +0800] "GET /data/secondXun.json HTTP/1.1" 200 828
::1 - - [23/Jun/2016:09:26:34 +0800] "GET /data/secondMain.json HTTP/1.1" 200 828
::1 - - [23/Jun/2016:09:26:35 +0800] "GET /data/thirdMain.json HTTP/1.1" 200 828
::1 - - [23/Jun/2016:09:26:35 +0800] "GET /data/thirdXun.json HTTP/1.1" 200 828
